2023-12-11 21:55:15,937 0 DEBUG - Converted retries value: 3 -> Retry(total=3, connect=None, read=None, redirect=None, status=None)
2023-12-11 21:55:15,939 0 DEBUG - Making request: POST https://oauth2.googleapis.com/token
2023-12-11 21:55:15,942 0 DEBUG - Starting new HTTPS connection (1): oauth2.googleapis.com:443
2023-12-11 21:55:16,228 0 DEBUG - https://oauth2.googleapis.com:443 "POST /token HTTP/1.1" 200 None
2023-12-11 21:55:16,230 0 DEBUG - Starting new HTTPS connection (1): www.googleapis.com:443
2023-12-11 21:55:16,739 0 DEBUG - https://www.googleapis.com:443 "GET /drive/v3/files?q=mimeType%3D%22application%2Fvnd.google-apps.spreadsheet%22+and+name+%3D+%22Tarkov+Butler%22&pageSize=1000&supportsAllDrives=True&includeItemsFromAllDrives=True&fields=kind%2CnextPageToken%2Cfiles%28id%2Cname%2CcreatedTime%2CmodifiedTime%29 HTTP/1.1" 200 None
2023-12-11 21:55:16,740 0 DEBUG - Starting new HTTPS connection (1): sheets.googleapis.com:443
2023-12-11 21:55:17,235 0 DEBUG - https://sheets.googleapis.com:443 "GET /v4/spreadsheets/1YWwqG_wUf0jHx0b3XIkSSC-Nh1QTQanl-F6Xisvf9VY?includeGridData=false HTTP/1.1" 200 None
2023-12-11 21:55:17,391 0 DEBUG - https://sheets.googleapis.com:443 "GET /v4/spreadsheets/1YWwqG_wUf0jHx0b3XIkSSC-Nh1QTQanl-F6Xisvf9VY?includeGridData=false HTTP/1.1" 200 None
2023-12-11 21:55:17,391 0 INFO - Google sheets authentication successful
2023-12-11 21:55:17,613 0 DEBUG - https://sheets.googleapis.com:443 "PUT /v4/spreadsheets/1YWwqG_wUf0jHx0b3XIkSSC-Nh1QTQanl-F6Xisvf9VY/values/%27Projected%20Profits%27%21J2?valueInputOption=RAW HTTP/1.1" 200 None
2023-12-11 21:55:17,615 0 DEBUG - Starting new HTTPS connection (1): api.tarkov.dev:443
2023-12-11 21:55:18,902 0 DEBUG - https://api.tarkov.dev:443 "POST /graphql HTTP/1.1" 200 None
2023-12-11 21:55:18,905 0 DEBUG - Starting new HTTPS connection (1): api.tarkov.dev:443
2023-12-11 21:55:20,705 0 DEBUG - https://api.tarkov.dev:443 "POST /graphql HTTP/1.1" 200 None
2023-12-11 21:55:20,947 0 DEBUG - https://sheets.googleapis.com:443 "PUT /v4/spreadsheets/1YWwqG_wUf0jHx0b3XIkSSC-Nh1QTQanl-F6Xisvf9VY/values/%27Projected%20Profits%27%21A2?valueInputOption=RAW HTTP/1.1" 200 None
2023-12-11 21:55:21,114 0 DEBUG - https://sheets.googleapis.com:443 "PUT /v4/spreadsheets/1YWwqG_wUf0jHx0b3XIkSSC-Nh1QTQanl-F6Xisvf9VY/values/%27Projected%20Profits%27%21B2?valueInputOption=RAW HTTP/1.1" 200 None
2023-12-11 21:55:21,531 0 DEBUG - https://sheets.googleapis.com:443 "PUT /v4/spreadsheets/1YWwqG_wUf0jHx0b3XIkSSC-Nh1QTQanl-F6Xisvf9VY/values/%27Projected%20Profits%27%21C2?valueInputOption=RAW HTTP/1.1" 200 None
2023-12-11 21:55:22,055 0 DEBUG - https://sheets.googleapis.com:443 "PUT /v4/spreadsheets/1YWwqG_wUf0jHx0b3XIkSSC-Nh1QTQanl-F6Xisvf9VY/values/%27Projected%20Profits%27%21D2?valueInputOption=RAW HTTP/1.1" 200 None
2023-12-11 21:55:22,744 0 DEBUG - https://sheets.googleapis.com:443 "PUT /v4/spreadsheets/1YWwqG_wUf0jHx0b3XIkSSC-Nh1QTQanl-F6Xisvf9VY/values/%27Projected%20Profits%27%21E2?valueInputOption=RAW HTTP/1.1" 200 None
2023-12-11 21:55:23,344 0 DEBUG - https://sheets.googleapis.com:443 "PUT /v4/spreadsheets/1YWwqG_wUf0jHx0b3XIkSSC-Nh1QTQanl-F6Xisvf9VY/values/%27Projected%20Profits%27%21F2?valueInputOption=RAW HTTP/1.1" 200 None
2023-12-11 21:55:23,573 0 DEBUG - https://sheets.googleapis.com:443 "PUT /v4/spreadsheets/1YWwqG_wUf0jHx0b3XIkSSC-Nh1QTQanl-F6Xisvf9VY/values/%27Projected%20Profits%27%21H2?valueInputOption=RAW HTTP/1.1" 200 None
2023-12-11 21:55:23,743 0 DEBUG - https://sheets.googleapis.com:443 "PUT /v4/spreadsheets/1YWwqG_wUf0jHx0b3XIkSSC-Nh1QTQanl-F6Xisvf9VY/values/%27Projected%20Profits%27%21I2?valueInputOption=RAW HTTP/1.1" 200 None
2023-12-11 21:55:27,753 0 DEBUG - Starting new HTTPS connection (1): api.tarkov.dev:443
2023-12-11 21:55:28,258 0 DEBUG - https://api.tarkov.dev:443 "POST /graphql HTTP/1.1" 200 None
2023-12-11 21:55:28,261 0 DEBUG - Starting new HTTPS connection (1): api.tarkov.dev:443
2023-12-11 21:55:29,957 0 DEBUG - https://api.tarkov.dev:443 "POST /graphql HTTP/1.1" 200 None
2023-12-11 21:55:30,154 0 DEBUG - https://sheets.googleapis.com:443 "PUT /v4/spreadsheets/1YWwqG_wUf0jHx0b3XIkSSC-Nh1QTQanl-F6Xisvf9VY/values/%27Projected%20Profits%27%21A3?valueInputOption=RAW HTTP/1.1" 200 None
2023-12-11 21:55:30,326 0 DEBUG - https://sheets.googleapis.com:443 "PUT /v4/spreadsheets/1YWwqG_wUf0jHx0b3XIkSSC-Nh1QTQanl-F6Xisvf9VY/values/%27Projected%20Profits%27%21B3?valueInputOption=RAW HTTP/1.1" 200 None
2023-12-11 21:55:30,487 0 DEBUG - https://sheets.googleapis.com:443 "PUT /v4/spreadsheets/1YWwqG_wUf0jHx0b3XIkSSC-Nh1QTQanl-F6Xisvf9VY/values/%27Projected%20Profits%27%21C3?valueInputOption=RAW HTTP/1.1" 200 None
2023-12-11 21:55:30,648 0 DEBUG - https://sheets.googleapis.com:443 "PUT /v4/spreadsheets/1YWwqG_wUf0jHx0b3XIkSSC-Nh1QTQanl-F6Xisvf9VY/values/%27Projected%20Profits%27%21D3?valueInputOption=RAW HTTP/1.1" 200 None
2023-12-11 21:55:30,801 0 DEBUG - https://sheets.googleapis.com:443 "PUT /v4/spreadsheets/1YWwqG_wUf0jHx0b3XIkSSC-Nh1QTQanl-F6Xisvf9VY/values/%27Projected%20Profits%27%21E3?valueInputOption=RAW HTTP/1.1" 200 None
2023-12-11 21:55:30,956 0 DEBUG - https://sheets.googleapis.com:443 "PUT /v4/spreadsheets/1YWwqG_wUf0jHx0b3XIkSSC-Nh1QTQanl-F6Xisvf9VY/values/%27Projected%20Profits%27%21F3?valueInputOption=RAW HTTP/1.1" 200 None
2023-12-11 21:55:31,118 0 DEBUG - https://sheets.googleapis.com:443 "PUT /v4/spreadsheets/1YWwqG_wUf0jHx0b3XIkSSC-Nh1QTQanl-F6Xisvf9VY/values/%27Projected%20Profits%27%21H3?valueInputOption=RAW HTTP/1.1" 200 None
2023-12-11 21:55:31,276 0 DEBUG - https://sheets.googleapis.com:443 "PUT /v4/spreadsheets/1YWwqG_wUf0jHx0b3XIkSSC-Nh1QTQanl-F6Xisvf9VY/values/%27Projected%20Profits%27%21I3?valueInputOption=RAW HTTP/1.1" 200 None
2023-12-11 21:55:35,289 0 DEBUG - Starting new HTTPS connection (1): api.tarkov.dev:443
2023-12-11 21:55:37,236 0 DEBUG - https://api.tarkov.dev:443 "POST /graphql HTTP/1.1" 200 None
2023-12-11 21:55:37,239 0 DEBUG - Starting new HTTPS connection (1): api.tarkov.dev:443
2023-12-11 21:55:38,340 0 DEBUG - https://api.tarkov.dev:443 "POST /graphql HTTP/1.1" 200 None
2023-12-11 21:55:38,505 0 DEBUG - https://sheets.googleapis.com:443 "PUT /v4/spreadsheets/1YWwqG_wUf0jHx0b3XIkSSC-Nh1QTQanl-F6Xisvf9VY/values/%27Projected%20Profits%27%21A4?valueInputOption=RAW HTTP/1.1" 200 None
2023-12-11 21:55:38,673 0 DEBUG - https://sheets.googleapis.com:443 "PUT /v4/spreadsheets/1YWwqG_wUf0jHx0b3XIkSSC-Nh1QTQanl-F6Xisvf9VY/values/%27Projected%20Profits%27%21B4?valueInputOption=RAW HTTP/1.1" 200 None
2023-12-11 21:55:38,844 0 DEBUG - https://sheets.googleapis.com:443 "PUT /v4/spreadsheets/1YWwqG_wUf0jHx0b3XIkSSC-Nh1QTQanl-F6Xisvf9VY/values/%27Projected%20Profits%27%21C4?valueInputOption=RAW HTTP/1.1" 200 None
2023-12-11 21:55:39,012 0 DEBUG - https://sheets.googleapis.com:443 "PUT /v4/spreadsheets/1YWwqG_wUf0jHx0b3XIkSSC-Nh1QTQanl-F6Xisvf9VY/values/%27Projected%20Profits%27%21D4?valueInputOption=RAW HTTP/1.1" 200 None
2023-12-11 21:55:39,345 0 DEBUG - https://sheets.googleapis.com:443 "PUT /v4/spreadsheets/1YWwqG_wUf0jHx0b3XIkSSC-Nh1QTQanl-F6Xisvf9VY/values/%27Projected%20Profits%27%21E4?valueInputOption=RAW HTTP/1.1" 200 None
2023-12-11 21:55:39,507 0 DEBUG - https://sheets.googleapis.com:443 "PUT /v4/spreadsheets/1YWwqG_wUf0jHx0b3XIkSSC-Nh1QTQanl-F6Xisvf9VY/values/%27Projected%20Profits%27%21F4?valueInputOption=RAW HTTP/1.1" 200 None
2023-12-11 21:55:39,668 0 DEBUG - https://sheets.googleapis.com:443 "PUT /v4/spreadsheets/1YWwqG_wUf0jHx0b3XIkSSC-Nh1QTQanl-F6Xisvf9VY/values/%27Projected%20Profits%27%21H4?valueInputOption=RAW HTTP/1.1" 200 None
2023-12-11 21:55:39,941 0 DEBUG - https://sheets.googleapis.com:443 "PUT /v4/spreadsheets/1YWwqG_wUf0jHx0b3XIkSSC-Nh1QTQanl-F6Xisvf9VY/values/%27Projected%20Profits%27%21I4?valueInputOption=RAW HTTP/1.1" 200 None
2023-12-11 21:55:43,954 0 DEBUG - Starting new HTTPS connection (1): api.tarkov.dev:443
2023-12-11 21:55:46,046 0 DEBUG - https://api.tarkov.dev:443 "POST /graphql HTTP/1.1" 200 None
2023-12-11 21:55:46,048 0 DEBUG - Starting new HTTPS connection (1): api.tarkov.dev:443
2023-12-11 21:55:47,164 0 DEBUG - https://api.tarkov.dev:443 "POST /graphql HTTP/1.1" 200 None
2023-12-11 21:55:47,335 0 DEBUG - https://sheets.googleapis.com:443 "PUT /v4/spreadsheets/1YWwqG_wUf0jHx0b3XIkSSC-Nh1QTQanl-F6Xisvf9VY/values/%27Projected%20Profits%27%21A5?valueInputOption=RAW HTTP/1.1" 200 None
2023-12-11 21:55:47,503 0 DEBUG - https://sheets.googleapis.com:443 "PUT /v4/spreadsheets/1YWwqG_wUf0jHx0b3XIkSSC-Nh1QTQanl-F6Xisvf9VY/values/%27Projected%20Profits%27%21B5?valueInputOption=RAW HTTP/1.1" 200 None
2023-12-11 21:55:47,662 0 DEBUG - https://sheets.googleapis.com:443 "PUT /v4/spreadsheets/1YWwqG_wUf0jHx0b3XIkSSC-Nh1QTQanl-F6Xisvf9VY/values/%27Projected%20Profits%27%21C5?valueInputOption=RAW HTTP/1.1" 200 None
2023-12-11 21:55:47,821 0 DEBUG - https://sheets.googleapis.com:443 "PUT /v4/spreadsheets/1YWwqG_wUf0jHx0b3XIkSSC-Nh1QTQanl-F6Xisvf9VY/values/%27Projected%20Profits%27%21D5?valueInputOption=RAW HTTP/1.1" 200 None
2023-12-11 21:55:48,013 0 DEBUG - https://sheets.googleapis.com:443 "PUT /v4/spreadsheets/1YWwqG_wUf0jHx0b3XIkSSC-Nh1QTQanl-F6Xisvf9VY/values/%27Projected%20Profits%27%21E5?valueInputOption=RAW HTTP/1.1" 200 None
2023-12-11 21:55:48,202 0 DEBUG - https://sheets.googleapis.com:443 "PUT /v4/spreadsheets/1YWwqG_wUf0jHx0b3XIkSSC-Nh1QTQanl-F6Xisvf9VY/values/%27Projected%20Profits%27%21F5?valueInputOption=RAW HTTP/1.1" 200 None
2023-12-11 21:55:48,388 0 DEBUG - https://sheets.googleapis.com:443 "PUT /v4/spreadsheets/1YWwqG_wUf0jHx0b3XIkSSC-Nh1QTQanl-F6Xisvf9VY/values/%27Projected%20Profits%27%21H5?valueInputOption=RAW HTTP/1.1" 200 None
2023-12-11 21:55:48,593 0 DEBUG - https://sheets.googleapis.com:443 "PUT /v4/spreadsheets/1YWwqG_wUf0jHx0b3XIkSSC-Nh1QTQanl-F6Xisvf9VY/values/%27Projected%20Profits%27%21I5?valueInputOption=RAW HTTP/1.1" 200 None
2023-12-11 21:55:52,594 0 DEBUG - Starting new HTTPS connection (1): api.tarkov.dev:443
2023-12-11 21:55:53,962 0 DEBUG - https://api.tarkov.dev:443 "POST /graphql HTTP/1.1" 200 None
2023-12-11 21:55:53,965 0 DEBUG - Starting new HTTPS connection (1): api.tarkov.dev:443
2023-12-11 21:55:55,129 0 DEBUG - https://api.tarkov.dev:443 "POST /graphql HTTP/1.1" 200 None
2023-12-11 21:55:55,298 0 DEBUG - https://sheets.googleapis.com:443 "PUT /v4/spreadsheets/1YWwqG_wUf0jHx0b3XIkSSC-Nh1QTQanl-F6Xisvf9VY/values/%27Projected%20Profits%27%21A6?valueInputOption=RAW HTTP/1.1" 200 None
2023-12-11 21:55:55,465 0 DEBUG - https://sheets.googleapis.com:443 "PUT /v4/spreadsheets/1YWwqG_wUf0jHx0b3XIkSSC-Nh1QTQanl-F6Xisvf9VY/values/%27Projected%20Profits%27%21B6?valueInputOption=RAW HTTP/1.1" 200 None
2023-12-11 21:55:55,621 0 DEBUG - https://sheets.googleapis.com:443 "PUT /v4/spreadsheets/1YWwqG_wUf0jHx0b3XIkSSC-Nh1QTQanl-F6Xisvf9VY/values/%27Projected%20Profits%27%21C6?valueInputOption=RAW HTTP/1.1" 200 None
2023-12-11 21:55:55,786 0 DEBUG - https://sheets.googleapis.com:443 "PUT /v4/spreadsheets/1YWwqG_wUf0jHx0b3XIkSSC-Nh1QTQanl-F6Xisvf9VY/values/%27Projected%20Profits%27%21D6?valueInputOption=RAW HTTP/1.1" 200 None
2023-12-11 21:55:56,005 0 DEBUG - https://sheets.googleapis.com:443 "PUT /v4/spreadsheets/1YWwqG_wUf0jHx0b3XIkSSC-Nh1QTQanl-F6Xisvf9VY/values/%27Projected%20Profits%27%21E6?valueInputOption=RAW HTTP/1.1" 200 None
2023-12-11 21:55:56,180 0 DEBUG - https://sheets.googleapis.com:443 "PUT /v4/spreadsheets/1YWwqG_wUf0jHx0b3XIkSSC-Nh1QTQanl-F6Xisvf9VY/values/%27Projected%20Profits%27%21F6?valueInputOption=RAW HTTP/1.1" 200 None
2023-12-11 21:55:56,419 0 DEBUG - https://sheets.googleapis.com:443 "PUT /v4/spreadsheets/1YWwqG_wUf0jHx0b3XIkSSC-Nh1QTQanl-F6Xisvf9VY/values/%27Projected%20Profits%27%21H6?valueInputOption=RAW HTTP/1.1" 200 None
2023-12-11 21:55:56,597 0 DEBUG - https://sheets.googleapis.com:443 "PUT /v4/spreadsheets/1YWwqG_wUf0jHx0b3XIkSSC-Nh1QTQanl-F6Xisvf9VY/values/%27Projected%20Profits%27%21I6?valueInputOption=RAW HTTP/1.1" 200 None
2023-12-11 21:56:00,604 0 DEBUG - Starting new HTTPS connection (1): api.tarkov.dev:443
2023-12-11 21:56:01,113 0 DEBUG - https://api.tarkov.dev:443 "POST /graphql HTTP/1.1" 200 None
2023-12-11 21:56:01,115 0 DEBUG - Starting new HTTPS connection (1): api.tarkov.dev:443
2023-12-11 21:56:02,227 0 DEBUG - https://api.tarkov.dev:443 "POST /graphql HTTP/1.1" 200 None
2023-12-11 21:56:02,404 0 DEBUG - https://sheets.googleapis.com:443 "PUT /v4/spreadsheets/1YWwqG_wUf0jHx0b3XIkSSC-Nh1QTQanl-F6Xisvf9VY/values/%27Projected%20Profits%27%21A7?valueInputOption=RAW HTTP/1.1" 200 None
2023-12-11 21:56:02,611 0 DEBUG - https://sheets.googleapis.com:443 "PUT /v4/spreadsheets/1YWwqG_wUf0jHx0b3XIkSSC-Nh1QTQanl-F6Xisvf9VY/values/%27Projected%20Profits%27%21B7?valueInputOption=RAW HTTP/1.1" 200 None
2023-12-11 21:56:02,779 0 DEBUG - https://sheets.googleapis.com:443 "PUT /v4/spreadsheets/1YWwqG_wUf0jHx0b3XIkSSC-Nh1QTQanl-F6Xisvf9VY/values/%27Projected%20Profits%27%21C7?valueInputOption=RAW HTTP/1.1" 200 None
2023-12-11 21:56:02,978 0 DEBUG - https://sheets.googleapis.com:443 "PUT /v4/spreadsheets/1YWwqG_wUf0jHx0b3XIkSSC-Nh1QTQanl-F6Xisvf9VY/values/%27Projected%20Profits%27%21D7?valueInputOption=RAW HTTP/1.1" 200 None
2023-12-11 21:56:03,302 0 DEBUG - https://sheets.googleapis.com:443 "PUT /v4/spreadsheets/1YWwqG_wUf0jHx0b3XIkSSC-Nh1QTQanl-F6Xisvf9VY/values/%27Projected%20Profits%27%21E7?valueInputOption=RAW HTTP/1.1" 200 None
2023-12-11 21:56:03,483 0 DEBUG - https://sheets.googleapis.com:443 "PUT /v4/spreadsheets/1YWwqG_wUf0jHx0b3XIkSSC-Nh1QTQanl-F6Xisvf9VY/values/%27Projected%20Profits%27%21F7?valueInputOption=RAW HTTP/1.1" 200 None
2023-12-11 21:56:03,650 0 DEBUG - https://sheets.googleapis.com:443 "PUT /v4/spreadsheets/1YWwqG_wUf0jHx0b3XIkSSC-Nh1QTQanl-F6Xisvf9VY/values/%27Projected%20Profits%27%21H7?valueInputOption=RAW HTTP/1.1" 200 None
2023-12-11 21:56:03,807 0 DEBUG - https://sheets.googleapis.com:443 "PUT /v4/spreadsheets/1YWwqG_wUf0jHx0b3XIkSSC-Nh1QTQanl-F6Xisvf9VY/values/%27Projected%20Profits%27%21I7?valueInputOption=RAW HTTP/1.1" 200 None
2023-12-11 21:56:07,820 0 DEBUG - Starting new HTTPS connection (1): api.tarkov.dev:443
2023-12-11 21:56:09,140 0 DEBUG - https://api.tarkov.dev:443 "POST /graphql HTTP/1.1" 200 None
2023-12-11 21:56:09,142 0 DEBUG - Starting new HTTPS connection (1): api.tarkov.dev:443
2023-12-11 21:56:10,224 0 DEBUG - https://api.tarkov.dev:443 "POST /graphql HTTP/1.1" 200 None
2023-12-11 21:56:10,409 0 DEBUG - https://sheets.googleapis.com:443 "PUT /v4/spreadsheets/1YWwqG_wUf0jHx0b3XIkSSC-Nh1QTQanl-F6Xisvf9VY/values/%27Projected%20Profits%27%21A8?valueInputOption=RAW HTTP/1.1" 200 None
2023-12-11 21:56:10,566 0 DEBUG - https://sheets.googleapis.com:443 "PUT /v4/spreadsheets/1YWwqG_wUf0jHx0b3XIkSSC-Nh1QTQanl-F6Xisvf9VY/values/%27Projected%20Profits%27%21B8?valueInputOption=RAW HTTP/1.1" 200 None
2023-12-11 21:56:10,726 0 DEBUG - https://sheets.googleapis.com:443 "PUT /v4/spreadsheets/1YWwqG_wUf0jHx0b3XIkSSC-Nh1QTQanl-F6Xisvf9VY/values/%27Projected%20Profits%27%21C8?valueInputOption=RAW HTTP/1.1" 200 None
2023-12-11 21:56:10,881 0 DEBUG - https://sheets.googleapis.com:443 "PUT /v4/spreadsheets/1YWwqG_wUf0jHx0b3XIkSSC-Nh1QTQanl-F6Xisvf9VY/values/%27Projected%20Profits%27%21D8?valueInputOption=RAW HTTP/1.1" 200 None
2023-12-11 21:56:11,055 0 DEBUG - https://sheets.googleapis.com:443 "PUT /v4/spreadsheets/1YWwqG_wUf0jHx0b3XIkSSC-Nh1QTQanl-F6Xisvf9VY/values/%27Projected%20Profits%27%21E8?valueInputOption=RAW HTTP/1.1" 200 None
2023-12-11 21:56:11,213 0 DEBUG - https://sheets.googleapis.com:443 "PUT /v4/spreadsheets/1YWwqG_wUf0jHx0b3XIkSSC-Nh1QTQanl-F6Xisvf9VY/values/%27Projected%20Profits%27%21F8?valueInputOption=RAW HTTP/1.1" 200 None
2023-12-11 21:56:11,388 0 DEBUG - https://sheets.googleapis.com:443 "PUT /v4/spreadsheets/1YWwqG_wUf0jHx0b3XIkSSC-Nh1QTQanl-F6Xisvf9VY/values/%27Projected%20Profits%27%21H8?valueInputOption=RAW HTTP/1.1" 200 None
2023-12-11 21:56:11,563 0 DEBUG - https://sheets.googleapis.com:443 "PUT /v4/spreadsheets/1YWwqG_wUf0jHx0b3XIkSSC-Nh1QTQanl-F6Xisvf9VY/values/%27Projected%20Profits%27%21I8?valueInputOption=RAW HTTP/1.1" 200 None
2023-12-11 21:56:15,566 0 DEBUG - Starting new HTTPS connection (1): api.tarkov.dev:443
2023-12-11 21:56:16,871 0 DEBUG - https://api.tarkov.dev:443 "POST /graphql HTTP/1.1" 200 None
2023-12-11 21:56:16,874 0 DEBUG - Starting new HTTPS connection (1): api.tarkov.dev:443
2023-12-11 21:56:17,361 0 DEBUG - https://api.tarkov.dev:443 "POST /graphql HTTP/1.1" 200 None
2023-12-11 21:56:17,540 0 DEBUG - https://sheets.googleapis.com:443 "PUT /v4/spreadsheets/1YWwqG_wUf0jHx0b3XIkSSC-Nh1QTQanl-F6Xisvf9VY/values/%27Projected%20Profits%27%21A9?valueInputOption=RAW HTTP/1.1" 200 None
2023-12-11 21:56:17,707 0 DEBUG - https://sheets.googleapis.com:443 "PUT /v4/spreadsheets/1YWwqG_wUf0jHx0b3XIkSSC-Nh1QTQanl-F6Xisvf9VY/values/%27Projected%20Profits%27%21B9?valueInputOption=RAW HTTP/1.1" 200 None
2023-12-11 21:56:17,865 0 DEBUG - https://sheets.googleapis.com:443 "PUT /v4/spreadsheets/1YWwqG_wUf0jHx0b3XIkSSC-Nh1QTQanl-F6Xisvf9VY/values/%27Projected%20Profits%27%21C9?valueInputOption=RAW HTTP/1.1" 200 None
2023-12-11 21:56:18,023 0 DEBUG - https://sheets.googleapis.com:443 "PUT /v4/spreadsheets/1YWwqG_wUf0jHx0b3XIkSSC-Nh1QTQanl-F6Xisvf9VY/values/%27Projected%20Profits%27%21D9?valueInputOption=RAW HTTP/1.1" 200 None
2023-12-11 21:56:18,215 0 DEBUG - https://sheets.googleapis.com:443 "PUT /v4/spreadsheets/1YWwqG_wUf0jHx0b3XIkSSC-Nh1QTQanl-F6Xisvf9VY/values/%27Projected%20Profits%27%21E9?valueInputOption=RAW HTTP/1.1" 200 None
2023-12-11 21:56:18,398 0 DEBUG - https://sheets.googleapis.com:443 "PUT /v4/spreadsheets/1YWwqG_wUf0jHx0b3XIkSSC-Nh1QTQanl-F6Xisvf9VY/values/%27Projected%20Profits%27%21F9?valueInputOption=RAW HTTP/1.1" 200 None
2023-12-11 21:56:18,580 0 DEBUG - https://sheets.googleapis.com:443 "PUT /v4/spreadsheets/1YWwqG_wUf0jHx0b3XIkSSC-Nh1QTQanl-F6Xisvf9VY/values/%27Projected%20Profits%27%21H9?valueInputOption=RAW HTTP/1.1" 200 None
2023-12-11 21:56:18,764 0 DEBUG - https://sheets.googleapis.com:443 "PUT /v4/spreadsheets/1YWwqG_wUf0jHx0b3XIkSSC-Nh1QTQanl-F6Xisvf9VY/values/%27Projected%20Profits%27%21I9?valueInputOption=RAW HTTP/1.1" 200 None
2023-12-11 21:56:22,777 0 DEBUG - Starting new HTTPS connection (1): api.tarkov.dev:443
2023-12-11 21:56:24,196 0 DEBUG - https://api.tarkov.dev:443 "POST /graphql HTTP/1.1" 200 None
2023-12-11 21:56:24,198 0 DEBUG - Starting new HTTPS connection (1): api.tarkov.dev:443
2023-12-11 21:56:25,216 0 DEBUG - https://api.tarkov.dev:443 "POST /graphql HTTP/1.1" 200 None
2023-12-11 21:56:25,399 0 DEBUG - https://sheets.googleapis.com:443 "PUT /v4/spreadsheets/1YWwqG_wUf0jHx0b3XIkSSC-Nh1QTQanl-F6Xisvf9VY/values/%27Projected%20Profits%27%21A10?valueInputOption=RAW HTTP/1.1" 200 None
2023-12-11 21:56:25,566 0 DEBUG - https://sheets.googleapis.com:443 "PUT /v4/spreadsheets/1YWwqG_wUf0jHx0b3XIkSSC-Nh1QTQanl-F6Xisvf9VY/values/%27Projected%20Profits%27%21B10?valueInputOption=RAW HTTP/1.1" 200 None
2023-12-11 21:56:25,735 0 DEBUG - https://sheets.googleapis.com:443 "PUT /v4/spreadsheets/1YWwqG_wUf0jHx0b3XIkSSC-Nh1QTQanl-F6Xisvf9VY/values/%27Projected%20Profits%27%21C10?valueInputOption=RAW HTTP/1.1" 200 None
2023-12-11 21:56:25,997 0 DEBUG - https://sheets.googleapis.com:443 "PUT /v4/spreadsheets/1YWwqG_wUf0jHx0b3XIkSSC-Nh1QTQanl-F6Xisvf9VY/values/%27Projected%20Profits%27%21D10?valueInputOption=RAW HTTP/1.1" 200 None
2023-12-11 21:56:26,353 0 DEBUG - https://sheets.googleapis.com:443 "PUT /v4/spreadsheets/1YWwqG_wUf0jHx0b3XIkSSC-Nh1QTQanl-F6Xisvf9VY/values/%27Projected%20Profits%27%21E10?valueInputOption=RAW HTTP/1.1" 200 None
2023-12-11 21:56:26,546 0 DEBUG - https://sheets.googleapis.com:443 "PUT /v4/spreadsheets/1YWwqG_wUf0jHx0b3XIkSSC-Nh1QTQanl-F6Xisvf9VY/values/%27Projected%20Profits%27%21F10?valueInputOption=RAW HTTP/1.1" 200 None
2023-12-11 21:56:26,895 0 DEBUG - https://sheets.googleapis.com:443 "PUT /v4/spreadsheets/1YWwqG_wUf0jHx0b3XIkSSC-Nh1QTQanl-F6Xisvf9VY/values/%27Projected%20Profits%27%21H10?valueInputOption=RAW HTTP/1.1" 200 None
2023-12-11 21:56:27,376 0 DEBUG - https://sheets.googleapis.com:443 "PUT /v4/spreadsheets/1YWwqG_wUf0jHx0b3XIkSSC-Nh1QTQanl-F6Xisvf9VY/values/%27Projected%20Profits%27%21I10?valueInputOption=RAW HTTP/1.1" 200 None
2023-12-11 21:56:31,386 0 DEBUG - Starting new HTTPS connection (1): api.tarkov.dev:443
2023-12-11 21:56:32,405 0 DEBUG - https://api.tarkov.dev:443 "POST /graphql HTTP/1.1" 200 None
2023-12-11 21:56:32,407 0 DEBUG - Starting new HTTPS connection (1): api.tarkov.dev:443
2023-12-11 21:56:32,946 0 DEBUG - https://api.tarkov.dev:443 "POST /graphql HTTP/1.1" 200 None
2023-12-11 21:56:33,104 0 DEBUG - https://sheets.googleapis.com:443 "PUT /v4/spreadsheets/1YWwqG_wUf0jHx0b3XIkSSC-Nh1QTQanl-F6Xisvf9VY/values/%27Projected%20Profits%27%21A11?valueInputOption=RAW HTTP/1.1" 200 None
2023-12-11 21:56:33,264 0 DEBUG - https://sheets.googleapis.com:443 "PUT /v4/spreadsheets/1YWwqG_wUf0jHx0b3XIkSSC-Nh1QTQanl-F6Xisvf9VY/values/%27Projected%20Profits%27%21B11?valueInputOption=RAW HTTP/1.1" 200 None
2023-12-11 21:56:33,420 0 DEBUG - https://sheets.googleapis.com:443 "PUT /v4/spreadsheets/1YWwqG_wUf0jHx0b3XIkSSC-Nh1QTQanl-F6Xisvf9VY/values/%27Projected%20Profits%27%21C11?valueInputOption=RAW HTTP/1.1" 200 None
2023-12-11 21:56:33,575 0 DEBUG - https://sheets.googleapis.com:443 "PUT /v4/spreadsheets/1YWwqG_wUf0jHx0b3XIkSSC-Nh1QTQanl-F6Xisvf9VY/values/%27Projected%20Profits%27%21D11?valueInputOption=RAW HTTP/1.1" 200 None
2023-12-11 21:56:33,746 0 DEBUG - https://sheets.googleapis.com:443 "PUT /v4/spreadsheets/1YWwqG_wUf0jHx0b3XIkSSC-Nh1QTQanl-F6Xisvf9VY/values/%27Projected%20Profits%27%21E11?valueInputOption=RAW HTTP/1.1" 200 None
2023-12-11 21:56:33,990 0 DEBUG - https://sheets.googleapis.com:443 "PUT /v4/spreadsheets/1YWwqG_wUf0jHx0b3XIkSSC-Nh1QTQanl-F6Xisvf9VY/values/%27Projected%20Profits%27%21F11?valueInputOption=RAW HTTP/1.1" 200 None
2023-12-11 21:56:34,151 0 DEBUG - https://sheets.googleapis.com:443 "PUT /v4/spreadsheets/1YWwqG_wUf0jHx0b3XIkSSC-Nh1QTQanl-F6Xisvf9VY/values/%27Projected%20Profits%27%21H11?valueInputOption=RAW HTTP/1.1" 200 None
2023-12-11 21:56:34,329 0 DEBUG - https://sheets.googleapis.com:443 "PUT /v4/spreadsheets/1YWwqG_wUf0jHx0b3XIkSSC-Nh1QTQanl-F6Xisvf9VY/values/%27Projected%20Profits%27%21I11?valueInputOption=RAW HTTP/1.1" 200 None
2023-12-11 21:56:38,336 0 DEBUG - Starting new HTTPS connection (1): api.tarkov.dev:443
2023-12-11 21:56:39,481 0 DEBUG - https://api.tarkov.dev:443 "POST /graphql HTTP/1.1" 200 None
2023-12-11 21:56:39,483 0 DEBUG - Starting new HTTPS connection (1): api.tarkov.dev:443
2023-12-11 21:56:39,935 0 DEBUG - https://api.tarkov.dev:443 "POST /graphql HTTP/1.1" 200 None
2023-12-11 21:56:40,096 0 DEBUG - https://sheets.googleapis.com:443 "PUT /v4/spreadsheets/1YWwqG_wUf0jHx0b3XIkSSC-Nh1QTQanl-F6Xisvf9VY/values/%27Projected%20Profits%27%21A12?valueInputOption=RAW HTTP/1.1" 200 None
2023-12-11 21:56:40,256 0 DEBUG - https://sheets.googleapis.com:443 "PUT /v4/spreadsheets/1YWwqG_wUf0jHx0b3XIkSSC-Nh1QTQanl-F6Xisvf9VY/values/%27Projected%20Profits%27%21B12?valueInputOption=RAW HTTP/1.1" 200 None
2023-12-11 21:56:40,420 0 DEBUG - https://sheets.googleapis.com:443 "PUT /v4/spreadsheets/1YWwqG_wUf0jHx0b3XIkSSC-Nh1QTQanl-F6Xisvf9VY/values/%27Projected%20Profits%27%21C12?valueInputOption=RAW HTTP/1.1" 200 None
2023-12-11 21:56:40,580 0 DEBUG - https://sheets.googleapis.com:443 "PUT /v4/spreadsheets/1YWwqG_wUf0jHx0b3XIkSSC-Nh1QTQanl-F6Xisvf9VY/values/%27Projected%20Profits%27%21D12?valueInputOption=RAW HTTP/1.1" 200 None
2023-12-11 21:56:40,759 0 DEBUG - https://sheets.googleapis.com:443 "PUT /v4/spreadsheets/1YWwqG_wUf0jHx0b3XIkSSC-Nh1QTQanl-F6Xisvf9VY/values/%27Projected%20Profits%27%21E12?valueInputOption=RAW HTTP/1.1" 200 None
2023-12-11 21:56:40,915 0 DEBUG - https://sheets.googleapis.com:443 "PUT /v4/spreadsheets/1YWwqG_wUf0jHx0b3XIkSSC-Nh1QTQanl-F6Xisvf9VY/values/%27Projected%20Profits%27%21F12?valueInputOption=RAW HTTP/1.1" 200 None
2023-12-11 21:56:41,076 0 DEBUG - https://sheets.googleapis.com:443 "PUT /v4/spreadsheets/1YWwqG_wUf0jHx0b3XIkSSC-Nh1QTQanl-F6Xisvf9VY/values/%27Projected%20Profits%27%21H12?valueInputOption=RAW HTTP/1.1" 200 None
2023-12-11 21:56:41,243 0 DEBUG - https://sheets.googleapis.com:443 "PUT /v4/spreadsheets/1YWwqG_wUf0jHx0b3XIkSSC-Nh1QTQanl-F6Xisvf9VY/values/%27Projected%20Profits%27%21I12?valueInputOption=RAW HTTP/1.1" 200 None
2023-12-11 21:56:45,258 0 DEBUG - Starting new HTTPS connection (1): api.tarkov.dev:443
2023-12-11 21:56:45,829 0 DEBUG - https://api.tarkov.dev:443 "POST /graphql HTTP/1.1" 200 None
2023-12-11 21:56:45,831 0 DEBUG - Starting new HTTPS connection (1): api.tarkov.dev:443
2023-12-11 21:56:46,835 0 DEBUG - https://api.tarkov.dev:443 "POST /graphql HTTP/1.1" 200 None
2023-12-11 21:56:47,029 0 DEBUG - https://sheets.googleapis.com:443 "PUT /v4/spreadsheets/1YWwqG_wUf0jHx0b3XIkSSC-Nh1QTQanl-F6Xisvf9VY/values/%27Projected%20Profits%27%21A13?valueInputOption=RAW HTTP/1.1" 200 None
2023-12-11 21:56:47,188 0 DEBUG - https://sheets.googleapis.com:443 "PUT /v4/spreadsheets/1YWwqG_wUf0jHx0b3XIkSSC-Nh1QTQanl-F6Xisvf9VY/values/%27Projected%20Profits%27%21B13?valueInputOption=RAW HTTP/1.1" 200 None
2023-12-11 21:56:47,357 0 DEBUG - https://sheets.googleapis.com:443 "PUT /v4/spreadsheets/1YWwqG_wUf0jHx0b3XIkSSC-Nh1QTQanl-F6Xisvf9VY/values/%27Projected%20Profits%27%21C13?valueInputOption=RAW HTTP/1.1" 200 None
2023-12-11 21:56:47,520 0 DEBUG - https://sheets.googleapis.com:443 "PUT /v4/spreadsheets/1YWwqG_wUf0jHx0b3XIkSSC-Nh1QTQanl-F6Xisvf9VY/values/%27Projected%20Profits%27%21D13?valueInputOption=RAW HTTP/1.1" 200 None
2023-12-11 21:56:47,693 0 DEBUG - https://sheets.googleapis.com:443 "PUT /v4/spreadsheets/1YWwqG_wUf0jHx0b3XIkSSC-Nh1QTQanl-F6Xisvf9VY/values/%27Projected%20Profits%27%21E13?valueInputOption=RAW HTTP/1.1" 200 None
2023-12-11 21:56:47,856 0 DEBUG - https://sheets.googleapis.com:443 "PUT /v4/spreadsheets/1YWwqG_wUf0jHx0b3XIkSSC-Nh1QTQanl-F6Xisvf9VY/values/%27Projected%20Profits%27%21F13?valueInputOption=RAW HTTP/1.1" 200 None
2023-12-11 21:56:48,011 0 DEBUG - https://sheets.googleapis.com:443 "PUT /v4/spreadsheets/1YWwqG_wUf0jHx0b3XIkSSC-Nh1QTQanl-F6Xisvf9VY/values/%27Projected%20Profits%27%21H13?valueInputOption=RAW HTTP/1.1" 200 None
2023-12-11 21:56:48,255 0 DEBUG - https://sheets.googleapis.com:443 "PUT /v4/spreadsheets/1YWwqG_wUf0jHx0b3XIkSSC-Nh1QTQanl-F6Xisvf9VY/values/%27Projected%20Profits%27%21I13?valueInputOption=RAW HTTP/1.1" 200 None
2023-12-11 21:56:52,258 0 DEBUG - Starting new HTTPS connection (1): api.tarkov.dev:443
2023-12-11 21:56:53,549 0 DEBUG - https://api.tarkov.dev:443 "POST /graphql HTTP/1.1" 200 None
2023-12-11 21:56:53,552 0 DEBUG - Starting new HTTPS connection (1): api.tarkov.dev:443
2023-12-11 21:56:54,781 0 DEBUG - https://api.tarkov.dev:443 "POST /graphql HTTP/1.1" 200 None
2023-12-11 21:56:54,956 0 DEBUG - https://sheets.googleapis.com:443 "PUT /v4/spreadsheets/1YWwqG_wUf0jHx0b3XIkSSC-Nh1QTQanl-F6Xisvf9VY/values/%27Projected%20Profits%27%21A14?valueInputOption=RAW HTTP/1.1" 200 None
2023-12-11 21:56:55,117 0 DEBUG - https://sheets.googleapis.com:443 "PUT /v4/spreadsheets/1YWwqG_wUf0jHx0b3XIkSSC-Nh1QTQanl-F6Xisvf9VY/values/%27Projected%20Profits%27%21B14?valueInputOption=RAW HTTP/1.1" 200 None
2023-12-11 21:56:55,291 0 DEBUG - https://sheets.googleapis.com:443 "PUT /v4/spreadsheets/1YWwqG_wUf0jHx0b3XIkSSC-Nh1QTQanl-F6Xisvf9VY/values/%27Projected%20Profits%27%21C14?valueInputOption=RAW HTTP/1.1" 200 None
2023-12-11 21:56:55,462 0 DEBUG - https://sheets.googleapis.com:443 "PUT /v4/spreadsheets/1YWwqG_wUf0jHx0b3XIkSSC-Nh1QTQanl-F6Xisvf9VY/values/%27Projected%20Profits%27%21D14?valueInputOption=RAW HTTP/1.1" 200 None
2023-12-11 21:56:55,777 0 DEBUG - https://sheets.googleapis.com:443 "PUT /v4/spreadsheets/1YWwqG_wUf0jHx0b3XIkSSC-Nh1QTQanl-F6Xisvf9VY/values/%27Projected%20Profits%27%21E14?valueInputOption=RAW HTTP/1.1" 200 None
2023-12-11 21:56:55,956 0 DEBUG - https://sheets.googleapis.com:443 "PUT /v4/spreadsheets/1YWwqG_wUf0jHx0b3XIkSSC-Nh1QTQanl-F6Xisvf9VY/values/%27Projected%20Profits%27%21F14?valueInputOption=RAW HTTP/1.1" 200 None
2023-12-11 21:56:56,118 0 DEBUG - https://sheets.googleapis.com:443 "PUT /v4/spreadsheets/1YWwqG_wUf0jHx0b3XIkSSC-Nh1QTQanl-F6Xisvf9VY/values/%27Projected%20Profits%27%21H14?valueInputOption=RAW HTTP/1.1" 200 None
2023-12-11 21:56:56,379 0 DEBUG - https://sheets.googleapis.com:443 "PUT /v4/spreadsheets/1YWwqG_wUf0jHx0b3XIkSSC-Nh1QTQanl-F6Xisvf9VY/values/%27Projected%20Profits%27%21I14?valueInputOption=RAW HTTP/1.1" 200 None
2023-12-11 21:57:00,388 0 DEBUG - Starting new HTTPS connection (1): api.tarkov.dev:443
2023-12-11 21:57:01,644 0 DEBUG - https://api.tarkov.dev:443 "POST /graphql HTTP/1.1" 200 None
2023-12-11 21:57:01,646 0 DEBUG - Starting new HTTPS connection (1): api.tarkov.dev:443
2023-12-11 21:57:02,227 0 DEBUG - https://api.tarkov.dev:443 "POST /graphql HTTP/1.1" 200 None
2023-12-11 21:57:02,397 0 DEBUG - https://sheets.googleapis.com:443 "PUT /v4/spreadsheets/1YWwqG_wUf0jHx0b3XIkSSC-Nh1QTQanl-F6Xisvf9VY/values/%27Projected%20Profits%27%21A15?valueInputOption=RAW HTTP/1.1" 200 None
2023-12-11 21:57:02,561 0 DEBUG - https://sheets.googleapis.com:443 "PUT /v4/spreadsheets/1YWwqG_wUf0jHx0b3XIkSSC-Nh1QTQanl-F6Xisvf9VY/values/%27Projected%20Profits%27%21B15?valueInputOption=RAW HTTP/1.1" 200 None
2023-12-11 21:57:02,993 0 DEBUG - https://sheets.googleapis.com:443 "PUT /v4/spreadsheets/1YWwqG_wUf0jHx0b3XIkSSC-Nh1QTQanl-F6Xisvf9VY/values/%27Projected%20Profits%27%21C15?valueInputOption=RAW HTTP/1.1" 200 None
2023-12-11 21:57:03,320 0 DEBUG - https://sheets.googleapis.com:443 "PUT /v4/spreadsheets/1YWwqG_wUf0jHx0b3XIkSSC-Nh1QTQanl-F6Xisvf9VY/values/%27Projected%20Profits%27%21D15?valueInputOption=RAW HTTP/1.1" 200 None
2023-12-11 21:57:03,484 0 DEBUG - https://sheets.googleapis.com:443 "PUT /v4/spreadsheets/1YWwqG_wUf0jHx0b3XIkSSC-Nh1QTQanl-F6Xisvf9VY/values/%27Projected%20Profits%27%21E15?valueInputOption=RAW HTTP/1.1" 200 None
2023-12-11 21:57:03,644 0 DEBUG - https://sheets.googleapis.com:443 "PUT /v4/spreadsheets/1YWwqG_wUf0jHx0b3XIkSSC-Nh1QTQanl-F6Xisvf9VY/values/%27Projected%20Profits%27%21F15?valueInputOption=RAW HTTP/1.1" 200 None
2023-12-11 21:57:03,808 0 DEBUG - https://sheets.googleapis.com:443 "PUT /v4/spreadsheets/1YWwqG_wUf0jHx0b3XIkSSC-Nh1QTQanl-F6Xisvf9VY/values/%27Projected%20Profits%27%21H15?valueInputOption=RAW HTTP/1.1" 200 None
2023-12-11 21:57:03,993 0 DEBUG - https://sheets.googleapis.com:443 "PUT /v4/spreadsheets/1YWwqG_wUf0jHx0b3XIkSSC-Nh1QTQanl-F6Xisvf9VY/values/%27Projected%20Profits%27%21I15?valueInputOption=RAW HTTP/1.1" 200 None
2023-12-11 21:57:08,004 0 DEBUG - Starting new HTTPS connection (1): api.tarkov.dev:443
2023-12-11 21:57:08,966 0 DEBUG - https://api.tarkov.dev:443 "POST /graphql HTTP/1.1" 200 None
2023-12-11 21:57:08,969 0 DEBUG - Starting new HTTPS connection (1): api.tarkov.dev:443
2023-12-11 21:57:10,229 0 DEBUG - https://api.tarkov.dev:443 "POST /graphql HTTP/1.1" 200 None
2023-12-11 21:57:10,418 0 DEBUG - https://sheets.googleapis.com:443 "PUT /v4/spreadsheets/1YWwqG_wUf0jHx0b3XIkSSC-Nh1QTQanl-F6Xisvf9VY/values/%27Projected%20Profits%27%21A16?valueInputOption=RAW HTTP/1.1" 200 None
2023-12-11 21:57:10,582 0 DEBUG - https://sheets.googleapis.com:443 "PUT /v4/spreadsheets/1YWwqG_wUf0jHx0b3XIkSSC-Nh1QTQanl-F6Xisvf9VY/values/%27Projected%20Profits%27%21B16?valueInputOption=RAW HTTP/1.1" 200 None
2023-12-11 21:57:10,750 0 DEBUG - https://sheets.googleapis.com:443 "PUT /v4/spreadsheets/1YWwqG_wUf0jHx0b3XIkSSC-Nh1QTQanl-F6Xisvf9VY/values/%27Projected%20Profits%27%21C16?valueInputOption=RAW HTTP/1.1" 200 None
2023-12-11 21:57:10,916 0 DEBUG - https://sheets.googleapis.com:443 "PUT /v4/spreadsheets/1YWwqG_wUf0jHx0b3XIkSSC-Nh1QTQanl-F6Xisvf9VY/values/%27Projected%20Profits%27%21D16?valueInputOption=RAW HTTP/1.1" 200 None
2023-12-11 21:57:11,245 0 DEBUG - https://sheets.googleapis.com:443 "PUT /v4/spreadsheets/1YWwqG_wUf0jHx0b3XIkSSC-Nh1QTQanl-F6Xisvf9VY/values/%27Projected%20Profits%27%21E16?valueInputOption=RAW HTTP/1.1" 200 None
2023-12-11 21:57:11,415 0 DEBUG - https://sheets.googleapis.com:443 "PUT /v4/spreadsheets/1YWwqG_wUf0jHx0b3XIkSSC-Nh1QTQanl-F6Xisvf9VY/values/%27Projected%20Profits%27%21F16?valueInputOption=RAW HTTP/1.1" 200 None
2023-12-11 21:57:11,876 0 DEBUG - https://sheets.googleapis.com:443 "PUT /v4/spreadsheets/1YWwqG_wUf0jHx0b3XIkSSC-Nh1QTQanl-F6Xisvf9VY/values/%27Projected%20Profits%27%21H16?valueInputOption=RAW HTTP/1.1" 200 None
2023-12-11 21:57:12,058 0 DEBUG - https://sheets.googleapis.com:443 "PUT /v4/spreadsheets/1YWwqG_wUf0jHx0b3XIkSSC-Nh1QTQanl-F6Xisvf9VY/values/%27Projected%20Profits%27%21I16?valueInputOption=RAW HTTP/1.1" 200 None
2023-12-11 21:57:16,070 0 DEBUG - Starting new HTTPS connection (1): api.tarkov.dev:443
2023-12-11 21:57:16,636 0 DEBUG - https://api.tarkov.dev:443 "POST /graphql HTTP/1.1" 200 None
2023-12-11 21:57:16,638 0 DEBUG - Starting new HTTPS connection (1): api.tarkov.dev:443
2023-12-11 21:57:17,661 0 DEBUG - https://api.tarkov.dev:443 "POST /graphql HTTP/1.1" 200 None
2023-12-11 21:57:17,750 0 DEBUG - https://sheets.googleapis.com:443 "PUT /v4/spreadsheets/1YWwqG_wUf0jHx0b3XIkSSC-Nh1QTQanl-F6Xisvf9VY/values/%27Projected%20Profits%27%21A17?valueInputOption=RAW HTTP/1.1" 429 None
