2024-02-01 21:41:16,823 0 DEBUG - Converted retries value: 3 -> Retry(total=3, connect=None, read=None, redirect=None, status=None)
2024-02-01 21:41:16,826 0 DEBUG - Making request: POST https://oauth2.googleapis.com/token
2024-02-01 21:41:16,828 0 DEBUG - Starting new HTTPS connection (1): oauth2.googleapis.com:443
2024-02-01 21:41:17,104 0 DEBUG - https://oauth2.googleapis.com:443 "POST /token HTTP/1.1" 200 None
2024-02-01 21:41:17,106 0 DEBUG - Starting new HTTPS connection (1): www.googleapis.com:443
2024-02-01 21:41:17,605 0 DEBUG - https://www.googleapis.com:443 "GET /drive/v3/files?q=mimeType%3D%22application%2Fvnd.google-apps.spreadsheet%22+and+name+%3D+%22Tarkov+Butler%22&pageSize=1000&supportsAllDrives=True&includeItemsFromAllDrives=True&fields=kind%2CnextPageToken%2Cfiles%28id%2Cname%2CcreatedTime%2CmodifiedTime%29 HTTP/1.1" 200 None
2024-02-01 21:41:17,606 0 DEBUG - Starting new HTTPS connection (1): sheets.googleapis.com:443
2024-02-01 21:41:18,111 0 DEBUG - https://sheets.googleapis.com:443 "GET /v4/spreadsheets/1YWwqG_wUf0jHx0b3XIkSSC-Nh1QTQanl-F6Xisvf9VY?includeGridData=false HTTP/1.1" 200 None
2024-02-01 21:41:18,290 0 DEBUG - https://sheets.googleapis.com:443 "GET /v4/spreadsheets/1YWwqG_wUf0jHx0b3XIkSSC-Nh1QTQanl-F6Xisvf9VY?includeGridData=false HTTP/1.1" 200 None
2024-02-01 21:41:18,291 0 INFO - Google sheets authentication successful
2024-02-01 21:41:18,528 0 DEBUG - https://sheets.googleapis.com:443 "PUT /v4/spreadsheets/1YWwqG_wUf0jHx0b3XIkSSC-Nh1QTQanl-F6Xisvf9VY/values/%27Projected%20Profits%27%21J2?valueInputOption=RAW HTTP/1.1" 200 None
2024-02-01 21:41:18,529 0 DEBUG - Starting new HTTPS connection (1): api.tarkov.dev:443
2024-02-01 21:41:20,047 0 DEBUG - https://api.tarkov.dev:443 "POST /graphql HTTP/1.1" 200 None
2024-02-01 21:41:20,049 0 DEBUG - Starting new HTTPS connection (1): api.tarkov.dev:443
2024-02-01 21:41:21,070 0 DEBUG - https://api.tarkov.dev:443 "POST /graphql HTTP/1.1" 200 None
2024-02-01 21:41:21,434 0 DEBUG - https://sheets.googleapis.com:443 "PUT /v4/spreadsheets/1YWwqG_wUf0jHx0b3XIkSSC-Nh1QTQanl-F6Xisvf9VY/values/%27Projected%20Profits%27%21A2?valueInputOption=RAW HTTP/1.1" 200 None
2024-02-01 21:41:21,626 0 DEBUG - https://sheets.googleapis.com:443 "PUT /v4/spreadsheets/1YWwqG_wUf0jHx0b3XIkSSC-Nh1QTQanl-F6Xisvf9VY/values/%27Projected%20Profits%27%21B2?valueInputOption=RAW HTTP/1.1" 200 None
2024-02-01 21:41:21,812 0 DEBUG - https://sheets.googleapis.com:443 "PUT /v4/spreadsheets/1YWwqG_wUf0jHx0b3XIkSSC-Nh1QTQanl-F6Xisvf9VY/values/%27Projected%20Profits%27%21C2?valueInputOption=RAW HTTP/1.1" 200 None
2024-02-01 21:41:22,003 0 DEBUG - https://sheets.googleapis.com:443 "PUT /v4/spreadsheets/1YWwqG_wUf0jHx0b3XIkSSC-Nh1QTQanl-F6Xisvf9VY/values/%27Projected%20Profits%27%21D2?valueInputOption=RAW HTTP/1.1" 200 None
2024-02-01 21:41:22,360 0 DEBUG - https://sheets.googleapis.com:443 "PUT /v4/spreadsheets/1YWwqG_wUf0jHx0b3XIkSSC-Nh1QTQanl-F6Xisvf9VY/values/%27Projected%20Profits%27%21E2?valueInputOption=RAW HTTP/1.1" 200 None
2024-02-01 21:41:22,566 0 DEBUG - https://sheets.googleapis.com:443 "PUT /v4/spreadsheets/1YWwqG_wUf0jHx0b3XIkSSC-Nh1QTQanl-F6Xisvf9VY/values/%27Projected%20Profits%27%21F2?valueInputOption=RAW HTTP/1.1" 200 None
2024-02-01 21:41:22,920 0 DEBUG - https://sheets.googleapis.com:443 "PUT /v4/spreadsheets/1YWwqG_wUf0jHx0b3XIkSSC-Nh1QTQanl-F6Xisvf9VY/values/%27Projected%20Profits%27%21H2?valueInputOption=RAW HTTP/1.1" 200 None
2024-02-01 21:41:23,275 0 DEBUG - https://sheets.googleapis.com:443 "PUT /v4/spreadsheets/1YWwqG_wUf0jHx0b3XIkSSC-Nh1QTQanl-F6Xisvf9VY/values/%27Projected%20Profits%27%21I2?valueInputOption=RAW HTTP/1.1" 200 None
2024-02-01 21:41:30,283 0 DEBUG - Starting new HTTPS connection (1): api.tarkov.dev:443
2024-02-01 21:41:31,400 0 DEBUG - https://api.tarkov.dev:443 "POST /graphql HTTP/1.1" 200 None
2024-02-01 21:41:31,402 0 DEBUG - Starting new HTTPS connection (1): api.tarkov.dev:443
2024-02-01 21:41:31,886 0 DEBUG - https://api.tarkov.dev:443 "POST /graphql HTTP/1.1" 200 None
2024-02-01 21:41:32,257 0 DEBUG - https://sheets.googleapis.com:443 "PUT /v4/spreadsheets/1YWwqG_wUf0jHx0b3XIkSSC-Nh1QTQanl-F6Xisvf9VY/values/%27Projected%20Profits%27%21A3?valueInputOption=RAW HTTP/1.1" 200 None
2024-02-01 21:41:32,602 0 DEBUG - https://sheets.googleapis.com:443 "PUT /v4/spreadsheets/1YWwqG_wUf0jHx0b3XIkSSC-Nh1QTQanl-F6Xisvf9VY/values/%27Projected%20Profits%27%21B3?valueInputOption=RAW HTTP/1.1" 200 None
2024-02-01 21:41:32,948 0 DEBUG - https://sheets.googleapis.com:443 "PUT /v4/spreadsheets/1YWwqG_wUf0jHx0b3XIkSSC-Nh1QTQanl-F6Xisvf9VY/values/%27Projected%20Profits%27%21C3?valueInputOption=RAW HTTP/1.1" 200 None
2024-02-01 21:41:33,303 0 DEBUG - https://sheets.googleapis.com:443 "PUT /v4/spreadsheets/1YWwqG_wUf0jHx0b3XIkSSC-Nh1QTQanl-F6Xisvf9VY/values/%27Projected%20Profits%27%21D3?valueInputOption=RAW HTTP/1.1" 200 None
2024-02-01 21:41:33,492 0 DEBUG - https://sheets.googleapis.com:443 "PUT /v4/spreadsheets/1YWwqG_wUf0jHx0b3XIkSSC-Nh1QTQanl-F6Xisvf9VY/values/%27Projected%20Profits%27%21E3?valueInputOption=RAW HTTP/1.1" 200 None
2024-02-01 21:41:33,849 0 DEBUG - https://sheets.googleapis.com:443 "PUT /v4/spreadsheets/1YWwqG_wUf0jHx0b3XIkSSC-Nh1QTQanl-F6Xisvf9VY/values/%27Projected%20Profits%27%21F3?valueInputOption=RAW HTTP/1.1" 200 None
2024-02-01 21:41:34,036 0 DEBUG - https://sheets.googleapis.com:443 "PUT /v4/spreadsheets/1YWwqG_wUf0jHx0b3XIkSSC-Nh1QTQanl-F6Xisvf9VY/values/%27Projected%20Profits%27%21H3?valueInputOption=RAW HTTP/1.1" 200 None
2024-02-01 21:41:34,234 0 DEBUG - https://sheets.googleapis.com:443 "PUT /v4/spreadsheets/1YWwqG_wUf0jHx0b3XIkSSC-Nh1QTQanl-F6Xisvf9VY/values/%27Projected%20Profits%27%21I3?valueInputOption=RAW HTTP/1.1" 200 None
2024-02-01 21:41:41,241 0 DEBUG - Starting new HTTPS connection (1): api.tarkov.dev:443
2024-02-01 21:41:42,202 0 DEBUG - https://api.tarkov.dev:443 "POST /graphql HTTP/1.1" 200 None
2024-02-01 21:41:42,204 0 DEBUG - Starting new HTTPS connection (1): api.tarkov.dev:443
2024-02-01 21:41:43,590 0 DEBUG - https://api.tarkov.dev:443 "POST /graphql HTTP/1.1" 200 None
2024-02-01 21:41:43,788 0 DEBUG - https://sheets.googleapis.com:443 "PUT /v4/spreadsheets/1YWwqG_wUf0jHx0b3XIkSSC-Nh1QTQanl-F6Xisvf9VY/values/%27Projected%20Profits%27%21A4?valueInputOption=RAW HTTP/1.1" 200 None
2024-02-01 21:41:44,132 0 DEBUG - https://sheets.googleapis.com:443 "PUT /v4/spreadsheets/1YWwqG_wUf0jHx0b3XIkSSC-Nh1QTQanl-F6Xisvf9VY/values/%27Projected%20Profits%27%21B4?valueInputOption=RAW HTTP/1.1" 200 None
2024-02-01 21:41:44,324 0 DEBUG - https://sheets.googleapis.com:443 "PUT /v4/spreadsheets/1YWwqG_wUf0jHx0b3XIkSSC-Nh1QTQanl-F6Xisvf9VY/values/%27Projected%20Profits%27%21C4?valueInputOption=RAW HTTP/1.1" 200 None
2024-02-01 21:41:44,509 0 DEBUG - https://sheets.googleapis.com:443 "PUT /v4/spreadsheets/1YWwqG_wUf0jHx0b3XIkSSC-Nh1QTQanl-F6Xisvf9VY/values/%27Projected%20Profits%27%21D4?valueInputOption=RAW HTTP/1.1" 200 None
2024-02-01 21:41:44,718 0 DEBUG - https://sheets.googleapis.com:443 "PUT /v4/spreadsheets/1YWwqG_wUf0jHx0b3XIkSSC-Nh1QTQanl-F6Xisvf9VY/values/%27Projected%20Profits%27%21E4?valueInputOption=RAW HTTP/1.1" 200 None
2024-02-01 21:41:44,910 0 DEBUG - https://sheets.googleapis.com:443 "PUT /v4/spreadsheets/1YWwqG_wUf0jHx0b3XIkSSC-Nh1QTQanl-F6Xisvf9VY/values/%27Projected%20Profits%27%21F4?valueInputOption=RAW HTTP/1.1" 200 None
2024-02-01 21:41:45,262 0 DEBUG - https://sheets.googleapis.com:443 "PUT /v4/spreadsheets/1YWwqG_wUf0jHx0b3XIkSSC-Nh1QTQanl-F6Xisvf9VY/values/%27Projected%20Profits%27%21H4?valueInputOption=RAW HTTP/1.1" 200 None
2024-02-01 21:41:45,444 0 DEBUG - https://sheets.googleapis.com:443 "PUT /v4/spreadsheets/1YWwqG_wUf0jHx0b3XIkSSC-Nh1QTQanl-F6Xisvf9VY/values/%27Projected%20Profits%27%21I4?valueInputOption=RAW HTTP/1.1" 200 None
2024-02-01 21:41:52,451 0 DEBUG - Starting new HTTPS connection (1): api.tarkov.dev:443
2024-02-01 21:41:53,663 0 DEBUG - https://api.tarkov.dev:443 "POST /graphql HTTP/1.1" 200 None
2024-02-01 21:41:53,665 0 DEBUG - Starting new HTTPS connection (1): api.tarkov.dev:443
2024-02-01 21:41:54,187 0 DEBUG - https://api.tarkov.dev:443 "POST /graphql HTTP/1.1" 200 None
2024-02-01 21:41:54,556 0 DEBUG - https://sheets.googleapis.com:443 "PUT /v4/spreadsheets/1YWwqG_wUf0jHx0b3XIkSSC-Nh1QTQanl-F6Xisvf9VY/values/%27Projected%20Profits%27%21A5?valueInputOption=RAW HTTP/1.1" 200 None
2024-02-01 21:41:54,739 0 DEBUG - https://sheets.googleapis.com:443 "PUT /v4/spreadsheets/1YWwqG_wUf0jHx0b3XIkSSC-Nh1QTQanl-F6Xisvf9VY/values/%27Projected%20Profits%27%21B5?valueInputOption=RAW HTTP/1.1" 200 None
2024-02-01 21:41:55,097 0 DEBUG - https://sheets.googleapis.com:443 "PUT /v4/spreadsheets/1YWwqG_wUf0jHx0b3XIkSSC-Nh1QTQanl-F6Xisvf9VY/values/%27Projected%20Profits%27%21C5?valueInputOption=RAW HTTP/1.1" 200 None
2024-02-01 21:41:55,450 0 DEBUG - https://sheets.googleapis.com:443 "PUT /v4/spreadsheets/1YWwqG_wUf0jHx0b3XIkSSC-Nh1QTQanl-F6Xisvf9VY/values/%27Projected%20Profits%27%21D5?valueInputOption=RAW HTTP/1.1" 200 None
2024-02-01 21:41:55,643 0 DEBUG - https://sheets.googleapis.com:443 "PUT /v4/spreadsheets/1YWwqG_wUf0jHx0b3XIkSSC-Nh1QTQanl-F6Xisvf9VY/values/%27Projected%20Profits%27%21E5?valueInputOption=RAW HTTP/1.1" 200 None
2024-02-01 21:41:55,985 0 DEBUG - https://sheets.googleapis.com:443 "PUT /v4/spreadsheets/1YWwqG_wUf0jHx0b3XIkSSC-Nh1QTQanl-F6Xisvf9VY/values/%27Projected%20Profits%27%21F5?valueInputOption=RAW HTTP/1.1" 200 None
2024-02-01 21:41:56,183 0 DEBUG - https://sheets.googleapis.com:443 "PUT /v4/spreadsheets/1YWwqG_wUf0jHx0b3XIkSSC-Nh1QTQanl-F6Xisvf9VY/values/%27Projected%20Profits%27%21H5?valueInputOption=RAW HTTP/1.1" 200 None
2024-02-01 21:41:56,399 0 DEBUG - https://sheets.googleapis.com:443 "PUT /v4/spreadsheets/1YWwqG_wUf0jHx0b3XIkSSC-Nh1QTQanl-F6Xisvf9VY/values/%27Projected%20Profits%27%21I5?valueInputOption=RAW HTTP/1.1" 200 None
2024-02-01 21:42:03,411 0 DEBUG - Starting new HTTPS connection (1): api.tarkov.dev:443
2024-02-01 21:42:04,606 0 DEBUG - https://api.tarkov.dev:443 "POST /graphql HTTP/1.1" 200 None
2024-02-01 21:42:04,608 0 DEBUG - Starting new HTTPS connection (1): api.tarkov.dev:443
2024-02-01 21:42:05,808 0 DEBUG - https://api.tarkov.dev:443 "POST /graphql HTTP/1.1" 200 None
2024-02-01 21:42:06,202 0 DEBUG - https://sheets.googleapis.com:443 "PUT /v4/spreadsheets/1YWwqG_wUf0jHx0b3XIkSSC-Nh1QTQanl-F6Xisvf9VY/values/%27Projected%20Profits%27%21A6?valueInputOption=RAW HTTP/1.1" 200 None
2024-02-01 21:42:06,432 0 DEBUG - https://sheets.googleapis.com:443 "PUT /v4/spreadsheets/1YWwqG_wUf0jHx0b3XIkSSC-Nh1QTQanl-F6Xisvf9VY/values/%27Projected%20Profits%27%21B6?valueInputOption=RAW HTTP/1.1" 200 None
2024-02-01 21:42:06,606 0 DEBUG - https://sheets.googleapis.com:443 "PUT /v4/spreadsheets/1YWwqG_wUf0jHx0b3XIkSSC-Nh1QTQanl-F6Xisvf9VY/values/%27Projected%20Profits%27%21C6?valueInputOption=RAW HTTP/1.1" 200 None
2024-02-01 21:42:06,954 0 DEBUG - https://sheets.googleapis.com:443 "PUT /v4/spreadsheets/1YWwqG_wUf0jHx0b3XIkSSC-Nh1QTQanl-F6Xisvf9VY/values/%27Projected%20Profits%27%21D6?valueInputOption=RAW HTTP/1.1" 200 None
2024-02-01 21:42:07,136 0 DEBUG - https://sheets.googleapis.com:443 "PUT /v4/spreadsheets/1YWwqG_wUf0jHx0b3XIkSSC-Nh1QTQanl-F6Xisvf9VY/values/%27Projected%20Profits%27%21E6?valueInputOption=RAW HTTP/1.1" 200 None
2024-02-01 21:42:07,318 0 DEBUG - https://sheets.googleapis.com:443 "PUT /v4/spreadsheets/1YWwqG_wUf0jHx0b3XIkSSC-Nh1QTQanl-F6Xisvf9VY/values/%27Projected%20Profits%27%21F6?valueInputOption=RAW HTTP/1.1" 200 None
2024-02-01 21:42:07,507 0 DEBUG - https://sheets.googleapis.com:443 "PUT /v4/spreadsheets/1YWwqG_wUf0jHx0b3XIkSSC-Nh1QTQanl-F6Xisvf9VY/values/%27Projected%20Profits%27%21H6?valueInputOption=RAW HTTP/1.1" 200 None
2024-02-01 21:42:07,852 0 DEBUG - https://sheets.googleapis.com:443 "PUT /v4/spreadsheets/1YWwqG_wUf0jHx0b3XIkSSC-Nh1QTQanl-F6Xisvf9VY/values/%27Projected%20Profits%27%21I6?valueInputOption=RAW HTTP/1.1" 200 None
2024-02-01 21:42:14,867 0 DEBUG - Starting new HTTPS connection (1): api.tarkov.dev:443
2024-02-01 21:42:16,103 0 DEBUG - https://api.tarkov.dev:443 "POST /graphql HTTP/1.1" 200 None
2024-02-01 21:42:16,105 0 DEBUG - Starting new HTTPS connection (1): api.tarkov.dev:443
2024-02-01 21:42:17,095 0 DEBUG - https://api.tarkov.dev:443 "POST /graphql HTTP/1.1" 200 None
2024-02-01 21:42:17,293 0 DEBUG - https://sheets.googleapis.com:443 "PUT /v4/spreadsheets/1YWwqG_wUf0jHx0b3XIkSSC-Nh1QTQanl-F6Xisvf9VY/values/%27Projected%20Profits%27%21A7?valueInputOption=RAW HTTP/1.1" 200 None
2024-02-01 21:42:17,492 0 DEBUG - https://sheets.googleapis.com:443 "PUT /v4/spreadsheets/1YWwqG_wUf0jHx0b3XIkSSC-Nh1QTQanl-F6Xisvf9VY/values/%27Projected%20Profits%27%21B7?valueInputOption=RAW HTTP/1.1" 200 None
2024-02-01 21:42:17,690 0 DEBUG - https://sheets.googleapis.com:443 "PUT /v4/spreadsheets/1YWwqG_wUf0jHx0b3XIkSSC-Nh1QTQanl-F6Xisvf9VY/values/%27Projected%20Profits%27%21C7?valueInputOption=RAW HTTP/1.1" 200 None
2024-02-01 21:42:18,053 0 DEBUG - https://sheets.googleapis.com:443 "PUT /v4/spreadsheets/1YWwqG_wUf0jHx0b3XIkSSC-Nh1QTQanl-F6Xisvf9VY/values/%27Projected%20Profits%27%21D7?valueInputOption=RAW HTTP/1.1" 200 None
2024-02-01 21:42:18,254 0 DEBUG - https://sheets.googleapis.com:443 "PUT /v4/spreadsheets/1YWwqG_wUf0jHx0b3XIkSSC-Nh1QTQanl-F6Xisvf9VY/values/%27Projected%20Profits%27%21E7?valueInputOption=RAW HTTP/1.1" 200 None
2024-02-01 21:42:18,448 0 DEBUG - https://sheets.googleapis.com:443 "PUT /v4/spreadsheets/1YWwqG_wUf0jHx0b3XIkSSC-Nh1QTQanl-F6Xisvf9VY/values/%27Projected%20Profits%27%21F7?valueInputOption=RAW HTTP/1.1" 200 None
2024-02-01 21:42:18,650 0 DEBUG - https://sheets.googleapis.com:443 "PUT /v4/spreadsheets/1YWwqG_wUf0jHx0b3XIkSSC-Nh1QTQanl-F6Xisvf9VY/values/%27Projected%20Profits%27%21H7?valueInputOption=RAW HTTP/1.1" 200 None
2024-02-01 21:42:18,934 0 DEBUG - https://sheets.googleapis.com:443 "PUT /v4/spreadsheets/1YWwqG_wUf0jHx0b3XIkSSC-Nh1QTQanl-F6Xisvf9VY/values/%27Projected%20Profits%27%21I7?valueInputOption=RAW HTTP/1.1" 200 None
2024-02-01 21:42:25,938 0 DEBUG - Starting new HTTPS connection (1): api.tarkov.dev:443
2024-02-01 21:42:27,173 0 DEBUG - https://api.tarkov.dev:443 "POST /graphql HTTP/1.1" 200 None
2024-02-01 21:42:27,175 0 DEBUG - Starting new HTTPS connection (1): api.tarkov.dev:443
2024-02-01 21:42:27,690 0 DEBUG - https://api.tarkov.dev:443 "POST /graphql HTTP/1.1" 200 None
2024-02-01 21:42:27,887 0 DEBUG - https://sheets.googleapis.com:443 "PUT /v4/spreadsheets/1YWwqG_wUf0jHx0b3XIkSSC-Nh1QTQanl-F6Xisvf9VY/values/%27Projected%20Profits%27%21A8?valueInputOption=RAW HTTP/1.1" 200 None
2024-02-01 21:42:28,068 0 DEBUG - https://sheets.googleapis.com:443 "PUT /v4/spreadsheets/1YWwqG_wUf0jHx0b3XIkSSC-Nh1QTQanl-F6Xisvf9VY/values/%27Projected%20Profits%27%21B8?valueInputOption=RAW HTTP/1.1" 200 None
2024-02-01 21:42:28,273 0 DEBUG - https://sheets.googleapis.com:443 "PUT /v4/spreadsheets/1YWwqG_wUf0jHx0b3XIkSSC-Nh1QTQanl-F6Xisvf9VY/values/%27Projected%20Profits%27%21C8?valueInputOption=RAW HTTP/1.1" 200 None
2024-02-01 21:42:28,457 0 DEBUG - https://sheets.googleapis.com:443 "PUT /v4/spreadsheets/1YWwqG_wUf0jHx0b3XIkSSC-Nh1QTQanl-F6Xisvf9VY/values/%27Projected%20Profits%27%21D8?valueInputOption=RAW HTTP/1.1" 200 None
2024-02-01 21:42:28,641 0 DEBUG - https://sheets.googleapis.com:443 "PUT /v4/spreadsheets/1YWwqG_wUf0jHx0b3XIkSSC-Nh1QTQanl-F6Xisvf9VY/values/%27Projected%20Profits%27%21E8?valueInputOption=RAW HTTP/1.1" 200 None
2024-02-01 21:42:28,831 0 DEBUG - https://sheets.googleapis.com:443 "PUT /v4/spreadsheets/1YWwqG_wUf0jHx0b3XIkSSC-Nh1QTQanl-F6Xisvf9VY/values/%27Projected%20Profits%27%21F8?valueInputOption=RAW HTTP/1.1" 200 None
2024-02-01 21:42:29,027 0 DEBUG - https://sheets.googleapis.com:443 "PUT /v4/spreadsheets/1YWwqG_wUf0jHx0b3XIkSSC-Nh1QTQanl-F6Xisvf9VY/values/%27Projected%20Profits%27%21H8?valueInputOption=RAW HTTP/1.1" 200 None
2024-02-01 21:42:29,227 0 DEBUG - https://sheets.googleapis.com:443 "PUT /v4/spreadsheets/1YWwqG_wUf0jHx0b3XIkSSC-Nh1QTQanl-F6Xisvf9VY/values/%27Projected%20Profits%27%21I8?valueInputOption=RAW HTTP/1.1" 200 None
2024-02-01 21:42:36,241 0 DEBUG - Starting new HTTPS connection (1): api.tarkov.dev:443
2024-02-01 21:42:37,509 0 DEBUG - https://api.tarkov.dev:443 "POST /graphql HTTP/1.1" 200 None
2024-02-01 21:42:37,511 0 DEBUG - Starting new HTTPS connection (1): api.tarkov.dev:443
2024-02-01 21:42:38,638 0 DEBUG - https://api.tarkov.dev:443 "POST /graphql HTTP/1.1" 200 None
2024-02-01 21:42:38,832 0 DEBUG - https://sheets.googleapis.com:443 "PUT /v4/spreadsheets/1YWwqG_wUf0jHx0b3XIkSSC-Nh1QTQanl-F6Xisvf9VY/values/%27Projected%20Profits%27%21A9?valueInputOption=RAW HTTP/1.1" 200 None
2024-02-01 21:42:39,023 0 DEBUG - https://sheets.googleapis.com:443 "PUT /v4/spreadsheets/1YWwqG_wUf0jHx0b3XIkSSC-Nh1QTQanl-F6Xisvf9VY/values/%27Projected%20Profits%27%21B9?valueInputOption=RAW HTTP/1.1" 200 None
2024-02-01 21:42:39,207 0 DEBUG - https://sheets.googleapis.com:443 "PUT /v4/spreadsheets/1YWwqG_wUf0jHx0b3XIkSSC-Nh1QTQanl-F6Xisvf9VY/values/%27Projected%20Profits%27%21C9?valueInputOption=RAW HTTP/1.1" 200 None
2024-02-01 21:42:39,406 0 DEBUG - https://sheets.googleapis.com:443 "PUT /v4/spreadsheets/1YWwqG_wUf0jHx0b3XIkSSC-Nh1QTQanl-F6Xisvf9VY/values/%27Projected%20Profits%27%21D9?valueInputOption=RAW HTTP/1.1" 200 None
2024-02-01 21:42:39,589 0 DEBUG - https://sheets.googleapis.com:443 "PUT /v4/spreadsheets/1YWwqG_wUf0jHx0b3XIkSSC-Nh1QTQanl-F6Xisvf9VY/values/%27Projected%20Profits%27%21E9?valueInputOption=RAW HTTP/1.1" 200 None
2024-02-01 21:42:39,778 0 DEBUG - https://sheets.googleapis.com:443 "PUT /v4/spreadsheets/1YWwqG_wUf0jHx0b3XIkSSC-Nh1QTQanl-F6Xisvf9VY/values/%27Projected%20Profits%27%21F9?valueInputOption=RAW HTTP/1.1" 200 None
2024-02-01 21:42:39,961 0 DEBUG - https://sheets.googleapis.com:443 "PUT /v4/spreadsheets/1YWwqG_wUf0jHx0b3XIkSSC-Nh1QTQanl-F6Xisvf9VY/values/%27Projected%20Profits%27%21H9?valueInputOption=RAW HTTP/1.1" 200 None
2024-02-01 21:42:40,138 0 DEBUG - https://sheets.googleapis.com:443 "PUT /v4/spreadsheets/1YWwqG_wUf0jHx0b3XIkSSC-Nh1QTQanl-F6Xisvf9VY/values/%27Projected%20Profits%27%21I9?valueInputOption=RAW HTTP/1.1" 200 None
2024-02-01 21:42:47,155 0 DEBUG - Starting new HTTPS connection (1): api.tarkov.dev:443
2024-02-01 21:42:47,670 0 DEBUG - https://api.tarkov.dev:443 "POST /graphql HTTP/1.1" 200 None
2024-02-01 21:42:47,672 0 DEBUG - Starting new HTTPS connection (1): api.tarkov.dev:443
2024-02-01 21:42:48,672 0 DEBUG - https://api.tarkov.dev:443 "POST /graphql HTTP/1.1" 200 None
2024-02-01 21:42:48,877 0 DEBUG - https://sheets.googleapis.com:443 "PUT /v4/spreadsheets/1YWwqG_wUf0jHx0b3XIkSSC-Nh1QTQanl-F6Xisvf9VY/values/%27Projected%20Profits%27%21A10?valueInputOption=RAW HTTP/1.1" 200 None
2024-02-01 21:42:49,058 0 DEBUG - https://sheets.googleapis.com:443 "PUT /v4/spreadsheets/1YWwqG_wUf0jHx0b3XIkSSC-Nh1QTQanl-F6Xisvf9VY/values/%27Projected%20Profits%27%21B10?valueInputOption=RAW HTTP/1.1" 200 None
2024-02-01 21:42:49,252 0 DEBUG - https://sheets.googleapis.com:443 "PUT /v4/spreadsheets/1YWwqG_wUf0jHx0b3XIkSSC-Nh1QTQanl-F6Xisvf9VY/values/%27Projected%20Profits%27%21C10?valueInputOption=RAW HTTP/1.1" 200 None
2024-02-01 21:42:49,440 0 DEBUG - https://sheets.googleapis.com:443 "PUT /v4/spreadsheets/1YWwqG_wUf0jHx0b3XIkSSC-Nh1QTQanl-F6Xisvf9VY/values/%27Projected%20Profits%27%21D10?valueInputOption=RAW HTTP/1.1" 200 None
2024-02-01 21:42:49,625 0 DEBUG - https://sheets.googleapis.com:443 "PUT /v4/spreadsheets/1YWwqG_wUf0jHx0b3XIkSSC-Nh1QTQanl-F6Xisvf9VY/values/%27Projected%20Profits%27%21E10?valueInputOption=RAW HTTP/1.1" 200 None
2024-02-01 21:42:49,804 0 DEBUG - https://sheets.googleapis.com:443 "PUT /v4/spreadsheets/1YWwqG_wUf0jHx0b3XIkSSC-Nh1QTQanl-F6Xisvf9VY/values/%27Projected%20Profits%27%21F10?valueInputOption=RAW HTTP/1.1" 200 None
2024-02-01 21:42:50,005 0 DEBUG - https://sheets.googleapis.com:443 "PUT /v4/spreadsheets/1YWwqG_wUf0jHx0b3XIkSSC-Nh1QTQanl-F6Xisvf9VY/values/%27Projected%20Profits%27%21H10?valueInputOption=RAW HTTP/1.1" 200 None
2024-02-01 21:42:50,191 0 DEBUG - https://sheets.googleapis.com:443 "PUT /v4/spreadsheets/1YWwqG_wUf0jHx0b3XIkSSC-Nh1QTQanl-F6Xisvf9VY/values/%27Projected%20Profits%27%21I10?valueInputOption=RAW HTTP/1.1" 200 None
2024-02-01 21:42:57,200 0 DEBUG - Starting new HTTPS connection (1): api.tarkov.dev:443
2024-02-01 21:42:58,339 0 DEBUG - https://api.tarkov.dev:443 "POST /graphql HTTP/1.1" 200 None
2024-02-01 21:42:58,341 0 DEBUG - Starting new HTTPS connection (1): api.tarkov.dev:443
2024-02-01 21:42:58,791 0 DEBUG - https://api.tarkov.dev:443 "POST /graphql HTTP/1.1" 200 None
2024-02-01 21:42:58,985 0 DEBUG - https://sheets.googleapis.com:443 "PUT /v4/spreadsheets/1YWwqG_wUf0jHx0b3XIkSSC-Nh1QTQanl-F6Xisvf9VY/values/%27Projected%20Profits%27%21A11?valueInputOption=RAW HTTP/1.1" 200 None
2024-02-01 21:42:59,174 0 DEBUG - https://sheets.googleapis.com:443 "PUT /v4/spreadsheets/1YWwqG_wUf0jHx0b3XIkSSC-Nh1QTQanl-F6Xisvf9VY/values/%27Projected%20Profits%27%21B11?valueInputOption=RAW HTTP/1.1" 200 None
2024-02-01 21:42:59,361 0 DEBUG - https://sheets.googleapis.com:443 "PUT /v4/spreadsheets/1YWwqG_wUf0jHx0b3XIkSSC-Nh1QTQanl-F6Xisvf9VY/values/%27Projected%20Profits%27%21C11?valueInputOption=RAW HTTP/1.1" 200 None
2024-02-01 21:42:59,553 0 DEBUG - https://sheets.googleapis.com:443 "PUT /v4/spreadsheets/1YWwqG_wUf0jHx0b3XIkSSC-Nh1QTQanl-F6Xisvf9VY/values/%27Projected%20Profits%27%21D11?valueInputOption=RAW HTTP/1.1" 200 None
2024-02-01 21:42:59,740 0 DEBUG - https://sheets.googleapis.com:443 "PUT /v4/spreadsheets/1YWwqG_wUf0jHx0b3XIkSSC-Nh1QTQanl-F6Xisvf9VY/values/%27Projected%20Profits%27%21E11?valueInputOption=RAW HTTP/1.1" 200 None
2024-02-01 21:42:59,925 0 DEBUG - https://sheets.googleapis.com:443 "PUT /v4/spreadsheets/1YWwqG_wUf0jHx0b3XIkSSC-Nh1QTQanl-F6Xisvf9VY/values/%27Projected%20Profits%27%21F11?valueInputOption=RAW HTTP/1.1" 200 None
2024-02-01 21:43:00,122 0 DEBUG - https://sheets.googleapis.com:443 "PUT /v4/spreadsheets/1YWwqG_wUf0jHx0b3XIkSSC-Nh1QTQanl-F6Xisvf9VY/values/%27Projected%20Profits%27%21H11?valueInputOption=RAW HTTP/1.1" 200 None
2024-02-01 21:43:00,310 0 DEBUG - https://sheets.googleapis.com:443 "PUT /v4/spreadsheets/1YWwqG_wUf0jHx0b3XIkSSC-Nh1QTQanl-F6Xisvf9VY/values/%27Projected%20Profits%27%21I11?valueInputOption=RAW HTTP/1.1" 200 None
2024-02-01 21:43:07,316 0 DEBUG - Starting new HTTPS connection (1): api.tarkov.dev:443
2024-02-01 21:43:07,793 0 DEBUG - https://api.tarkov.dev:443 "POST /graphql HTTP/1.1" 200 None
2024-02-01 21:43:07,796 0 DEBUG - Starting new HTTPS connection (1): api.tarkov.dev:443
2024-02-01 21:43:08,843 0 DEBUG - https://api.tarkov.dev:443 "POST /graphql HTTP/1.1" 200 None
2024-02-01 21:43:09,047 0 DEBUG - https://sheets.googleapis.com:443 "PUT /v4/spreadsheets/1YWwqG_wUf0jHx0b3XIkSSC-Nh1QTQanl-F6Xisvf9VY/values/%27Projected%20Profits%27%21A12?valueInputOption=RAW HTTP/1.1" 200 None
2024-02-01 21:43:09,232 0 DEBUG - https://sheets.googleapis.com:443 "PUT /v4/spreadsheets/1YWwqG_wUf0jHx0b3XIkSSC-Nh1QTQanl-F6Xisvf9VY/values/%27Projected%20Profits%27%21B12?valueInputOption=RAW HTTP/1.1" 200 None
2024-02-01 21:43:09,418 0 DEBUG - https://sheets.googleapis.com:443 "PUT /v4/spreadsheets/1YWwqG_wUf0jHx0b3XIkSSC-Nh1QTQanl-F6Xisvf9VY/values/%27Projected%20Profits%27%21C12?valueInputOption=RAW HTTP/1.1" 200 None
2024-02-01 21:43:09,616 0 DEBUG - https://sheets.googleapis.com:443 "PUT /v4/spreadsheets/1YWwqG_wUf0jHx0b3XIkSSC-Nh1QTQanl-F6Xisvf9VY/values/%27Projected%20Profits%27%21D12?valueInputOption=RAW HTTP/1.1" 200 None
2024-02-01 21:43:09,831 0 DEBUG - https://sheets.googleapis.com:443 "PUT /v4/spreadsheets/1YWwqG_wUf0jHx0b3XIkSSC-Nh1QTQanl-F6Xisvf9VY/values/%27Projected%20Profits%27%21E12?valueInputOption=RAW HTTP/1.1" 200 None
2024-02-01 21:43:10,021 0 DEBUG - https://sheets.googleapis.com:443 "PUT /v4/spreadsheets/1YWwqG_wUf0jHx0b3XIkSSC-Nh1QTQanl-F6Xisvf9VY/values/%27Projected%20Profits%27%21F12?valueInputOption=RAW HTTP/1.1" 200 None
2024-02-01 21:43:10,210 0 DEBUG - https://sheets.googleapis.com:443 "PUT /v4/spreadsheets/1YWwqG_wUf0jHx0b3XIkSSC-Nh1QTQanl-F6Xisvf9VY/values/%27Projected%20Profits%27%21H12?valueInputOption=RAW HTTP/1.1" 200 None
2024-02-01 21:43:10,390 0 DEBUG - https://sheets.googleapis.com:443 "PUT /v4/spreadsheets/1YWwqG_wUf0jHx0b3XIkSSC-Nh1QTQanl-F6Xisvf9VY/values/%27Projected%20Profits%27%21I12?valueInputOption=RAW HTTP/1.1" 200 None
2024-02-01 21:43:17,392 0 DEBUG - Starting new HTTPS connection (1): api.tarkov.dev:443
2024-02-01 21:43:18,566 0 DEBUG - https://api.tarkov.dev:443 "POST /graphql HTTP/1.1" 200 None
2024-02-01 21:43:18,568 0 DEBUG - Starting new HTTPS connection (1): api.tarkov.dev:443
2024-02-01 21:43:18,994 0 DEBUG - https://api.tarkov.dev:443 "POST /graphql HTTP/1.1" 200 None
2024-02-01 21:43:19,270 0 DEBUG - https://sheets.googleapis.com:443 "PUT /v4/spreadsheets/1YWwqG_wUf0jHx0b3XIkSSC-Nh1QTQanl-F6Xisvf9VY/values/%27Projected%20Profits%27%21A13?valueInputOption=RAW HTTP/1.1" 200 None
2024-02-01 21:43:19,450 0 DEBUG - https://sheets.googleapis.com:443 "PUT /v4/spreadsheets/1YWwqG_wUf0jHx0b3XIkSSC-Nh1QTQanl-F6Xisvf9VY/values/%27Projected%20Profits%27%21B13?valueInputOption=RAW HTTP/1.1" 200 None
2024-02-01 21:43:19,643 0 DEBUG - https://sheets.googleapis.com:443 "PUT /v4/spreadsheets/1YWwqG_wUf0jHx0b3XIkSSC-Nh1QTQanl-F6Xisvf9VY/values/%27Projected%20Profits%27%21C13?valueInputOption=RAW HTTP/1.1" 200 None
2024-02-01 21:43:19,836 0 DEBUG - https://sheets.googleapis.com:443 "PUT /v4/spreadsheets/1YWwqG_wUf0jHx0b3XIkSSC-Nh1QTQanl-F6Xisvf9VY/values/%27Projected%20Profits%27%21D13?valueInputOption=RAW HTTP/1.1" 200 None
2024-02-01 21:43:20,024 0 DEBUG - https://sheets.googleapis.com:443 "PUT /v4/spreadsheets/1YWwqG_wUf0jHx0b3XIkSSC-Nh1QTQanl-F6Xisvf9VY/values/%27Projected%20Profits%27%21E13?valueInputOption=RAW HTTP/1.1" 200 None
2024-02-01 21:43:20,212 0 DEBUG - https://sheets.googleapis.com:443 "PUT /v4/spreadsheets/1YWwqG_wUf0jHx0b3XIkSSC-Nh1QTQanl-F6Xisvf9VY/values/%27Projected%20Profits%27%21F13?valueInputOption=RAW HTTP/1.1" 200 None
2024-02-01 21:43:20,405 0 DEBUG - https://sheets.googleapis.com:443 "PUT /v4/spreadsheets/1YWwqG_wUf0jHx0b3XIkSSC-Nh1QTQanl-F6Xisvf9VY/values/%27Projected%20Profits%27%21H13?valueInputOption=RAW HTTP/1.1" 200 None
2024-02-01 21:43:20,580 0 DEBUG - https://sheets.googleapis.com:443 "PUT /v4/spreadsheets/1YWwqG_wUf0jHx0b3XIkSSC-Nh1QTQanl-F6Xisvf9VY/values/%27Projected%20Profits%27%21I13?valueInputOption=RAW HTTP/1.1" 200 None
2024-02-01 21:43:27,589 0 DEBUG - Starting new HTTPS connection (1): api.tarkov.dev:443
2024-02-01 21:43:28,620 0 DEBUG - https://api.tarkov.dev:443 "POST /graphql HTTP/1.1" 200 None
2024-02-01 21:43:28,622 0 DEBUG - Starting new HTTPS connection (1): api.tarkov.dev:443
2024-02-01 21:43:29,109 0 DEBUG - https://api.tarkov.dev:443 "POST /graphql HTTP/1.1" 200 None
2024-02-01 21:43:29,308 0 DEBUG - https://sheets.googleapis.com:443 "PUT /v4/spreadsheets/1YWwqG_wUf0jHx0b3XIkSSC-Nh1QTQanl-F6Xisvf9VY/values/%27Projected%20Profits%27%21A14?valueInputOption=RAW HTTP/1.1" 200 None
2024-02-01 21:43:29,498 0 DEBUG - https://sheets.googleapis.com:443 "PUT /v4/spreadsheets/1YWwqG_wUf0jHx0b3XIkSSC-Nh1QTQanl-F6Xisvf9VY/values/%27Projected%20Profits%27%21B14?valueInputOption=RAW HTTP/1.1" 200 None
2024-02-01 21:43:29,689 0 DEBUG - https://sheets.googleapis.com:443 "PUT /v4/spreadsheets/1YWwqG_wUf0jHx0b3XIkSSC-Nh1QTQanl-F6Xisvf9VY/values/%27Projected%20Profits%27%21C14?valueInputOption=RAW HTTP/1.1" 200 None
2024-02-01 21:43:29,876 0 DEBUG - https://sheets.googleapis.com:443 "PUT /v4/spreadsheets/1YWwqG_wUf0jHx0b3XIkSSC-Nh1QTQanl-F6Xisvf9VY/values/%27Projected%20Profits%27%21D14?valueInputOption=RAW HTTP/1.1" 200 None
2024-02-01 21:43:30,073 0 DEBUG - https://sheets.googleapis.com:443 "PUT /v4/spreadsheets/1YWwqG_wUf0jHx0b3XIkSSC-Nh1QTQanl-F6Xisvf9VY/values/%27Projected%20Profits%27%21E14?valueInputOption=RAW HTTP/1.1" 200 None
2024-02-01 21:43:30,260 0 DEBUG - https://sheets.googleapis.com:443 "PUT /v4/spreadsheets/1YWwqG_wUf0jHx0b3XIkSSC-Nh1QTQanl-F6Xisvf9VY/values/%27Projected%20Profits%27%21F14?valueInputOption=RAW HTTP/1.1" 200 None
2024-02-01 21:43:30,449 0 DEBUG - https://sheets.googleapis.com:443 "PUT /v4/spreadsheets/1YWwqG_wUf0jHx0b3XIkSSC-Nh1QTQanl-F6Xisvf9VY/values/%27Projected%20Profits%27%21H14?valueInputOption=RAW HTTP/1.1" 200 None
2024-02-01 21:43:30,640 0 DEBUG - https://sheets.googleapis.com:443 "PUT /v4/spreadsheets/1YWwqG_wUf0jHx0b3XIkSSC-Nh1QTQanl-F6Xisvf9VY/values/%27Projected%20Profits%27%21I14?valueInputOption=RAW HTTP/1.1" 200 None
2024-02-01 21:43:37,644 0 DEBUG - Starting new HTTPS connection (1): api.tarkov.dev:443
2024-02-01 21:43:38,640 0 DEBUG - https://api.tarkov.dev:443 "POST /graphql HTTP/1.1" 200 None
2024-02-01 21:43:38,643 0 DEBUG - Starting new HTTPS connection (1): api.tarkov.dev:443
2024-02-01 21:43:39,074 0 DEBUG - https://api.tarkov.dev:443 "POST /graphql HTTP/1.1" 200 None
2024-02-01 21:43:39,273 0 DEBUG - https://sheets.googleapis.com:443 "PUT /v4/spreadsheets/1YWwqG_wUf0jHx0b3XIkSSC-Nh1QTQanl-F6Xisvf9VY/values/%27Projected%20Profits%27%21A15?valueInputOption=RAW HTTP/1.1" 200 None
2024-02-01 21:43:39,461 0 DEBUG - https://sheets.googleapis.com:443 "PUT /v4/spreadsheets/1YWwqG_wUf0jHx0b3XIkSSC-Nh1QTQanl-F6Xisvf9VY/values/%27Projected%20Profits%27%21B15?valueInputOption=RAW HTTP/1.1" 200 None
2024-02-01 21:43:39,653 0 DEBUG - https://sheets.googleapis.com:443 "PUT /v4/spreadsheets/1YWwqG_wUf0jHx0b3XIkSSC-Nh1QTQanl-F6Xisvf9VY/values/%27Projected%20Profits%27%21C15?valueInputOption=RAW HTTP/1.1" 200 None
2024-02-01 21:43:39,855 0 DEBUG - https://sheets.googleapis.com:443 "PUT /v4/spreadsheets/1YWwqG_wUf0jHx0b3XIkSSC-Nh1QTQanl-F6Xisvf9VY/values/%27Projected%20Profits%27%21D15?valueInputOption=RAW HTTP/1.1" 200 None
2024-02-01 21:43:40,065 0 DEBUG - https://sheets.googleapis.com:443 "PUT /v4/spreadsheets/1YWwqG_wUf0jHx0b3XIkSSC-Nh1QTQanl-F6Xisvf9VY/values/%27Projected%20Profits%27%21E15?valueInputOption=RAW HTTP/1.1" 200 None
2024-02-01 21:43:40,262 0 DEBUG - https://sheets.googleapis.com:443 "PUT /v4/spreadsheets/1YWwqG_wUf0jHx0b3XIkSSC-Nh1QTQanl-F6Xisvf9VY/values/%27Projected%20Profits%27%21F15?valueInputOption=RAW HTTP/1.1" 200 None
2024-02-01 21:43:40,446 0 DEBUG - https://sheets.googleapis.com:443 "PUT /v4/spreadsheets/1YWwqG_wUf0jHx0b3XIkSSC-Nh1QTQanl-F6Xisvf9VY/values/%27Projected%20Profits%27%21H15?valueInputOption=RAW HTTP/1.1" 200 None
2024-02-01 21:43:40,632 0 DEBUG - https://sheets.googleapis.com:443 "PUT /v4/spreadsheets/1YWwqG_wUf0jHx0b3XIkSSC-Nh1QTQanl-F6Xisvf9VY/values/%27Projected%20Profits%27%21I15?valueInputOption=RAW HTTP/1.1" 200 None
2024-02-01 21:43:47,639 0 DEBUG - Starting new HTTPS connection (1): api.tarkov.dev:443
2024-02-01 21:43:48,124 0 DEBUG - https://api.tarkov.dev:443 "POST /graphql HTTP/1.1" 200 None
2024-02-01 21:43:48,126 0 DEBUG - Starting new HTTPS connection (1): api.tarkov.dev:443
2024-02-01 21:43:48,960 0 DEBUG - https://api.tarkov.dev:443 "POST /graphql HTTP/1.1" 200 None
2024-02-01 21:43:49,189 0 DEBUG - https://sheets.googleapis.com:443 "PUT /v4/spreadsheets/1YWwqG_wUf0jHx0b3XIkSSC-Nh1QTQanl-F6Xisvf9VY/values/%27Projected%20Profits%27%21A16?valueInputOption=RAW HTTP/1.1" 200 None
2024-02-01 21:43:49,409 0 DEBUG - https://sheets.googleapis.com:443 "PUT /v4/spreadsheets/1YWwqG_wUf0jHx0b3XIkSSC-Nh1QTQanl-F6Xisvf9VY/values/%27Projected%20Profits%27%21B16?valueInputOption=RAW HTTP/1.1" 200 None
2024-02-01 21:43:49,627 0 DEBUG - https://sheets.googleapis.com:443 "PUT /v4/spreadsheets/1YWwqG_wUf0jHx0b3XIkSSC-Nh1QTQanl-F6Xisvf9VY/values/%27Projected%20Profits%27%21C16?valueInputOption=RAW HTTP/1.1" 200 None
2024-02-01 21:43:49,823 0 DEBUG - https://sheets.googleapis.com:443 "PUT /v4/spreadsheets/1YWwqG_wUf0jHx0b3XIkSSC-Nh1QTQanl-F6Xisvf9VY/values/%27Projected%20Profits%27%21D16?valueInputOption=RAW HTTP/1.1" 200 None
2024-02-01 21:43:50,020 0 DEBUG - https://sheets.googleapis.com:443 "PUT /v4/spreadsheets/1YWwqG_wUf0jHx0b3XIkSSC-Nh1QTQanl-F6Xisvf9VY/values/%27Projected%20Profits%27%21E16?valueInputOption=RAW HTTP/1.1" 200 None
2024-02-01 21:43:50,213 0 DEBUG - https://sheets.googleapis.com:443 "PUT /v4/spreadsheets/1YWwqG_wUf0jHx0b3XIkSSC-Nh1QTQanl-F6Xisvf9VY/values/%27Projected%20Profits%27%21F16?valueInputOption=RAW HTTP/1.1" 200 None
2024-02-01 21:43:50,404 0 DEBUG - https://sheets.googleapis.com:443 "PUT /v4/spreadsheets/1YWwqG_wUf0jHx0b3XIkSSC-Nh1QTQanl-F6Xisvf9VY/values/%27Projected%20Profits%27%21H16?valueInputOption=RAW HTTP/1.1" 200 None
2024-02-01 21:43:50,586 0 DEBUG - https://sheets.googleapis.com:443 "PUT /v4/spreadsheets/1YWwqG_wUf0jHx0b3XIkSSC-Nh1QTQanl-F6Xisvf9VY/values/%27Projected%20Profits%27%21I16?valueInputOption=RAW HTTP/1.1" 200 None
2024-02-01 21:43:57,598 0 DEBUG - Starting new HTTPS connection (1): api.tarkov.dev:443
2024-02-01 21:43:58,736 0 DEBUG - https://api.tarkov.dev:443 "POST /graphql HTTP/1.1" 200 None
2024-02-01 21:43:58,739 0 DEBUG - Starting new HTTPS connection (1): api.tarkov.dev:443
2024-02-01 21:43:59,715 0 DEBUG - https://api.tarkov.dev:443 "POST /graphql HTTP/1.1" 200 None
2024-02-01 21:43:59,938 0 DEBUG - https://sheets.googleapis.com:443 "PUT /v4/spreadsheets/1YWwqG_wUf0jHx0b3XIkSSC-Nh1QTQanl-F6Xisvf9VY/values/%27Projected%20Profits%27%21A17?valueInputOption=RAW HTTP/1.1" 200 None
2024-02-01 21:44:00,190 0 DEBUG - https://sheets.googleapis.com:443 "PUT /v4/spreadsheets/1YWwqG_wUf0jHx0b3XIkSSC-Nh1QTQanl-F6Xisvf9VY/values/%27Projected%20Profits%27%21B17?valueInputOption=RAW HTTP/1.1" 200 None
2024-02-01 21:44:00,378 0 DEBUG - https://sheets.googleapis.com:443 "PUT /v4/spreadsheets/1YWwqG_wUf0jHx0b3XIkSSC-Nh1QTQanl-F6Xisvf9VY/values/%27Projected%20Profits%27%21C17?valueInputOption=RAW HTTP/1.1" 200 None
2024-02-01 21:44:00,572 0 DEBUG - https://sheets.googleapis.com:443 "PUT /v4/spreadsheets/1YWwqG_wUf0jHx0b3XIkSSC-Nh1QTQanl-F6Xisvf9VY/values/%27Projected%20Profits%27%21D17?valueInputOption=RAW HTTP/1.1" 200 None
2024-02-01 21:44:00,771 0 DEBUG - https://sheets.googleapis.com:443 "PUT /v4/spreadsheets/1YWwqG_wUf0jHx0b3XIkSSC-Nh1QTQanl-F6Xisvf9VY/values/%27Projected%20Profits%27%21E17?valueInputOption=RAW HTTP/1.1" 200 None
2024-02-01 21:44:00,960 0 DEBUG - https://sheets.googleapis.com:443 "PUT /v4/spreadsheets/1YWwqG_wUf0jHx0b3XIkSSC-Nh1QTQanl-F6Xisvf9VY/values/%27Projected%20Profits%27%21F17?valueInputOption=RAW HTTP/1.1" 200 None
2024-02-01 21:44:01,152 0 DEBUG - https://sheets.googleapis.com:443 "PUT /v4/spreadsheets/1YWwqG_wUf0jHx0b3XIkSSC-Nh1QTQanl-F6Xisvf9VY/values/%27Projected%20Profits%27%21H17?valueInputOption=RAW HTTP/1.1" 200 None
2024-02-01 21:44:01,345 0 DEBUG - https://sheets.googleapis.com:443 "PUT /v4/spreadsheets/1YWwqG_wUf0jHx0b3XIkSSC-Nh1QTQanl-F6Xisvf9VY/values/%27Projected%20Profits%27%21I17?valueInputOption=RAW HTTP/1.1" 200 None
2024-02-01 21:44:08,357 0 DEBUG - Starting new HTTPS connection (1): api.tarkov.dev:443
2024-02-01 21:44:09,310 0 DEBUG - https://api.tarkov.dev:443 "POST /graphql HTTP/1.1" 200 None
2024-02-01 21:44:09,312 0 DEBUG - Starting new HTTPS connection (1): api.tarkov.dev:443
2024-02-01 21:44:10,285 0 DEBUG - https://api.tarkov.dev:443 "POST /graphql HTTP/1.1" 200 None
2024-02-01 21:44:10,538 0 DEBUG - https://sheets.googleapis.com:443 "PUT /v4/spreadsheets/1YWwqG_wUf0jHx0b3XIkSSC-Nh1QTQanl-F6Xisvf9VY/values/%27Projected%20Profits%27%21A18?valueInputOption=RAW HTTP/1.1" 200 None
2024-02-01 21:44:10,723 0 DEBUG - https://sheets.googleapis.com:443 "PUT /v4/spreadsheets/1YWwqG_wUf0jHx0b3XIkSSC-Nh1QTQanl-F6Xisvf9VY/values/%27Projected%20Profits%27%21B18?valueInputOption=RAW HTTP/1.1" 200 None
2024-02-01 21:44:10,912 0 DEBUG - https://sheets.googleapis.com:443 "PUT /v4/spreadsheets/1YWwqG_wUf0jHx0b3XIkSSC-Nh1QTQanl-F6Xisvf9VY/values/%27Projected%20Profits%27%21C18?valueInputOption=RAW HTTP/1.1" 200 None
2024-02-01 21:44:11,110 0 DEBUG - https://sheets.googleapis.com:443 "PUT /v4/spreadsheets/1YWwqG_wUf0jHx0b3XIkSSC-Nh1QTQanl-F6Xisvf9VY/values/%27Projected%20Profits%27%21D18?valueInputOption=RAW HTTP/1.1" 200 None
2024-02-01 21:44:11,292 0 DEBUG - https://sheets.googleapis.com:443 "PUT /v4/spreadsheets/1YWwqG_wUf0jHx0b3XIkSSC-Nh1QTQanl-F6Xisvf9VY/values/%27Projected%20Profits%27%21E18?valueInputOption=RAW HTTP/1.1" 200 None
2024-02-01 21:44:11,476 0 DEBUG - https://sheets.googleapis.com:443 "PUT /v4/spreadsheets/1YWwqG_wUf0jHx0b3XIkSSC-Nh1QTQanl-F6Xisvf9VY/values/%27Projected%20Profits%27%21F18?valueInputOption=RAW HTTP/1.1" 200 None
2024-02-01 21:44:11,688 0 DEBUG - https://sheets.googleapis.com:443 "PUT /v4/spreadsheets/1YWwqG_wUf0jHx0b3XIkSSC-Nh1QTQanl-F6Xisvf9VY/values/%27Projected%20Profits%27%21H18?valueInputOption=RAW HTTP/1.1" 200 None
2024-02-01 21:44:11,884 0 DEBUG - https://sheets.googleapis.com:443 "PUT /v4/spreadsheets/1YWwqG_wUf0jHx0b3XIkSSC-Nh1QTQanl-F6Xisvf9VY/values/%27Projected%20Profits%27%21I18?valueInputOption=RAW HTTP/1.1" 200 None
2024-02-01 21:44:18,886 0 DEBUG - Starting new HTTPS connection (1): api.tarkov.dev:443
2024-02-01 21:44:19,905 0 DEBUG - https://api.tarkov.dev:443 "POST /graphql HTTP/1.1" 200 None
2024-02-01 21:44:19,908 0 DEBUG - Starting new HTTPS connection (1): api.tarkov.dev:443
2024-02-01 21:44:20,996 0 DEBUG - https://api.tarkov.dev:443 "POST /graphql HTTP/1.1" 200 None
2024-02-01 21:44:21,202 0 DEBUG - https://sheets.googleapis.com:443 "PUT /v4/spreadsheets/1YWwqG_wUf0jHx0b3XIkSSC-Nh1QTQanl-F6Xisvf9VY/values/%27Projected%20Profits%27%21A19?valueInputOption=RAW HTTP/1.1" 200 None
2024-02-01 21:44:21,388 0 DEBUG - https://sheets.googleapis.com:443 "PUT /v4/spreadsheets/1YWwqG_wUf0jHx0b3XIkSSC-Nh1QTQanl-F6Xisvf9VY/values/%27Projected%20Profits%27%21B19?valueInputOption=RAW HTTP/1.1" 200 None
2024-02-01 21:44:21,572 0 DEBUG - https://sheets.googleapis.com:443 "PUT /v4/spreadsheets/1YWwqG_wUf0jHx0b3XIkSSC-Nh1QTQanl-F6Xisvf9VY/values/%27Projected%20Profits%27%21C19?valueInputOption=RAW HTTP/1.1" 200 None
2024-02-01 21:44:21,755 0 DEBUG - https://sheets.googleapis.com:443 "PUT /v4/spreadsheets/1YWwqG_wUf0jHx0b3XIkSSC-Nh1QTQanl-F6Xisvf9VY/values/%27Projected%20Profits%27%21D19?valueInputOption=RAW HTTP/1.1" 200 None
2024-02-01 21:44:21,959 0 DEBUG - https://sheets.googleapis.com:443 "PUT /v4/spreadsheets/1YWwqG_wUf0jHx0b3XIkSSC-Nh1QTQanl-F6Xisvf9VY/values/%27Projected%20Profits%27%21E19?valueInputOption=RAW HTTP/1.1" 200 None
2024-02-01 21:44:22,145 0 DEBUG - https://sheets.googleapis.com:443 "PUT /v4/spreadsheets/1YWwqG_wUf0jHx0b3XIkSSC-Nh1QTQanl-F6Xisvf9VY/values/%27Projected%20Profits%27%21F19?valueInputOption=RAW HTTP/1.1" 200 None
2024-02-01 21:44:22,332 0 DEBUG - https://sheets.googleapis.com:443 "PUT /v4/spreadsheets/1YWwqG_wUf0jHx0b3XIkSSC-Nh1QTQanl-F6Xisvf9VY/values/%27Projected%20Profits%27%21H19?valueInputOption=RAW HTTP/1.1" 200 None
2024-02-01 21:44:22,514 0 DEBUG - https://sheets.googleapis.com:443 "PUT /v4/spreadsheets/1YWwqG_wUf0jHx0b3XIkSSC-Nh1QTQanl-F6Xisvf9VY/values/%27Projected%20Profits%27%21I19?valueInputOption=RAW HTTP/1.1" 200 None
2024-02-01 21:44:29,527 0 DEBUG - Starting new HTTPS connection (1): api.tarkov.dev:443
2024-02-01 21:44:29,807 0 DEBUG - https://api.tarkov.dev:443 "POST /graphql HTTP/1.1" 200 None
2024-02-01 21:44:29,809 0 DEBUG - Starting new HTTPS connection (1): api.tarkov.dev:443
2024-02-01 21:44:30,062 0 DEBUG - https://api.tarkov.dev:443 "POST /graphql HTTP/1.1" 200 None
2024-02-01 21:44:30,269 0 DEBUG - https://sheets.googleapis.com:443 "PUT /v4/spreadsheets/1YWwqG_wUf0jHx0b3XIkSSC-Nh1QTQanl-F6Xisvf9VY/values/%27Projected%20Profits%27%21A20?valueInputOption=RAW HTTP/1.1" 200 None
2024-02-01 21:44:30,472 0 DEBUG - https://sheets.googleapis.com:443 "PUT /v4/spreadsheets/1YWwqG_wUf0jHx0b3XIkSSC-Nh1QTQanl-F6Xisvf9VY/values/%27Projected%20Profits%27%21B20?valueInputOption=RAW HTTP/1.1" 200 None
2024-02-01 21:44:30,666 0 DEBUG - https://sheets.googleapis.com:443 "PUT /v4/spreadsheets/1YWwqG_wUf0jHx0b3XIkSSC-Nh1QTQanl-F6Xisvf9VY/values/%27Projected%20Profits%27%21C20?valueInputOption=RAW HTTP/1.1" 200 None
2024-02-01 21:44:30,870 0 DEBUG - https://sheets.googleapis.com:443 "PUT /v4/spreadsheets/1YWwqG_wUf0jHx0b3XIkSSC-Nh1QTQanl-F6Xisvf9VY/values/%27Projected%20Profits%27%21D20?valueInputOption=RAW HTTP/1.1" 200 None
2024-02-01 21:44:31,170 0 DEBUG - https://sheets.googleapis.com:443 "PUT /v4/spreadsheets/1YWwqG_wUf0jHx0b3XIkSSC-Nh1QTQanl-F6Xisvf9VY/values/%27Projected%20Profits%27%21E20?valueInputOption=RAW HTTP/1.1" 200 None
2024-02-01 21:44:31,374 0 DEBUG - https://sheets.googleapis.com:443 "PUT /v4/spreadsheets/1YWwqG_wUf0jHx0b3XIkSSC-Nh1QTQanl-F6Xisvf9VY/values/%27Projected%20Profits%27%21F20?valueInputOption=RAW HTTP/1.1" 200 None
2024-02-01 21:44:31,566 0 DEBUG - https://sheets.googleapis.com:443 "PUT /v4/spreadsheets/1YWwqG_wUf0jHx0b3XIkSSC-Nh1QTQanl-F6Xisvf9VY/values/%27Projected%20Profits%27%21H20?valueInputOption=RAW HTTP/1.1" 200 None
2024-02-01 21:44:31,829 0 DEBUG - https://sheets.googleapis.com:443 "PUT /v4/spreadsheets/1YWwqG_wUf0jHx0b3XIkSSC-Nh1QTQanl-F6Xisvf9VY/values/%27Projected%20Profits%27%21I20?valueInputOption=RAW HTTP/1.1" 200 None
2024-02-01 21:44:38,833 0 DEBUG - Starting new HTTPS connection (1): api.tarkov.dev:443
2024-02-01 21:44:39,274 0 DEBUG - https://api.tarkov.dev:443 "POST /graphql HTTP/1.1" 200 None
2024-02-01 21:44:39,276 0 DEBUG - Starting new HTTPS connection (1): api.tarkov.dev:443
2024-02-01 21:44:39,708 0 DEBUG - https://api.tarkov.dev:443 "POST /graphql HTTP/1.1" 200 None
2024-02-01 21:44:39,918 0 DEBUG - https://sheets.googleapis.com:443 "PUT /v4/spreadsheets/1YWwqG_wUf0jHx0b3XIkSSC-Nh1QTQanl-F6Xisvf9VY/values/%27Projected%20Profits%27%21A21?valueInputOption=RAW HTTP/1.1" 200 None
2024-02-01 21:44:40,117 0 DEBUG - https://sheets.googleapis.com:443 "PUT /v4/spreadsheets/1YWwqG_wUf0jHx0b3XIkSSC-Nh1QTQanl-F6Xisvf9VY/values/%27Projected%20Profits%27%21B21?valueInputOption=RAW HTTP/1.1" 200 None
2024-02-01 21:44:40,306 0 DEBUG - https://sheets.googleapis.com:443 "PUT /v4/spreadsheets/1YWwqG_wUf0jHx0b3XIkSSC-Nh1QTQanl-F6Xisvf9VY/values/%27Projected%20Profits%27%21C21?valueInputOption=RAW HTTP/1.1" 200 None
2024-02-01 21:44:40,507 0 DEBUG - https://sheets.googleapis.com:443 "PUT /v4/spreadsheets/1YWwqG_wUf0jHx0b3XIkSSC-Nh1QTQanl-F6Xisvf9VY/values/%27Projected%20Profits%27%21D21?valueInputOption=RAW HTTP/1.1" 200 None
2024-02-01 21:44:40,696 0 DEBUG - https://sheets.googleapis.com:443 "PUT /v4/spreadsheets/1YWwqG_wUf0jHx0b3XIkSSC-Nh1QTQanl-F6Xisvf9VY/values/%27Projected%20Profits%27%21E21?valueInputOption=RAW HTTP/1.1" 200 None
2024-02-01 21:44:40,894 0 DEBUG - https://sheets.googleapis.com:443 "PUT /v4/spreadsheets/1YWwqG_wUf0jHx0b3XIkSSC-Nh1QTQanl-F6Xisvf9VY/values/%27Projected%20Profits%27%21F21?valueInputOption=RAW HTTP/1.1" 200 None
2024-02-01 21:44:41,091 0 DEBUG - https://sheets.googleapis.com:443 "PUT /v4/spreadsheets/1YWwqG_wUf0jHx0b3XIkSSC-Nh1QTQanl-F6Xisvf9VY/values/%27Projected%20Profits%27%21H21?valueInputOption=RAW HTTP/1.1" 200 None
2024-02-01 21:44:41,285 0 DEBUG - https://sheets.googleapis.com:443 "PUT /v4/spreadsheets/1YWwqG_wUf0jHx0b3XIkSSC-Nh1QTQanl-F6Xisvf9VY/values/%27Projected%20Profits%27%21I21?valueInputOption=RAW HTTP/1.1" 200 None
2024-02-01 21:44:48,298 0 DEBUG - Starting new HTTPS connection (1): api.tarkov.dev:443
2024-02-01 21:44:49,361 0 DEBUG - https://api.tarkov.dev:443 "POST /graphql HTTP/1.1" 200 None
2024-02-01 21:44:49,363 0 DEBUG - Starting new HTTPS connection (1): api.tarkov.dev:443
2024-02-01 21:44:51,478 0 DEBUG - https://api.tarkov.dev:443 "POST /graphql HTTP/1.1" 200 None
2024-02-01 21:44:51,708 0 DEBUG - https://sheets.googleapis.com:443 "PUT /v4/spreadsheets/1YWwqG_wUf0jHx0b3XIkSSC-Nh1QTQanl-F6Xisvf9VY/values/%27Projected%20Profits%27%21A22?valueInputOption=RAW HTTP/1.1" 200 None
2024-02-01 21:44:51,926 0 DEBUG - https://sheets.googleapis.com:443 "PUT /v4/spreadsheets/1YWwqG_wUf0jHx0b3XIkSSC-Nh1QTQanl-F6Xisvf9VY/values/%27Projected%20Profits%27%21B22?valueInputOption=RAW HTTP/1.1" 200 None
2024-02-01 21:44:52,120 0 DEBUG - https://sheets.googleapis.com:443 "PUT /v4/spreadsheets/1YWwqG_wUf0jHx0b3XIkSSC-Nh1QTQanl-F6Xisvf9VY/values/%27Projected%20Profits%27%21C22?valueInputOption=RAW HTTP/1.1" 200 None
2024-02-01 21:44:52,321 0 DEBUG - https://sheets.googleapis.com:443 "PUT /v4/spreadsheets/1YWwqG_wUf0jHx0b3XIkSSC-Nh1QTQanl-F6Xisvf9VY/values/%27Projected%20Profits%27%21D22?valueInputOption=RAW HTTP/1.1" 200 None
2024-02-01 21:44:52,506 0 DEBUG - https://sheets.googleapis.com:443 "PUT /v4/spreadsheets/1YWwqG_wUf0jHx0b3XIkSSC-Nh1QTQanl-F6Xisvf9VY/values/%27Projected%20Profits%27%21E22?valueInputOption=RAW HTTP/1.1" 200 None
2024-02-01 21:44:52,698 0 DEBUG - https://sheets.googleapis.com:443 "PUT /v4/spreadsheets/1YWwqG_wUf0jHx0b3XIkSSC-Nh1QTQanl-F6Xisvf9VY/values/%27Projected%20Profits%27%21F22?valueInputOption=RAW HTTP/1.1" 200 None
2024-02-01 21:44:52,887 0 DEBUG - https://sheets.googleapis.com:443 "PUT /v4/spreadsheets/1YWwqG_wUf0jHx0b3XIkSSC-Nh1QTQanl-F6Xisvf9VY/values/%27Projected%20Profits%27%21H22?valueInputOption=RAW HTTP/1.1" 200 None
2024-02-01 21:44:53,083 0 DEBUG - https://sheets.googleapis.com:443 "PUT /v4/spreadsheets/1YWwqG_wUf0jHx0b3XIkSSC-Nh1QTQanl-F6Xisvf9VY/values/%27Projected%20Profits%27%21I22?valueInputOption=RAW HTTP/1.1" 200 None
2024-02-01 21:45:00,093 0 DEBUG - Starting new HTTPS connection (1): api.tarkov.dev:443
2024-02-01 21:45:01,295 0 DEBUG - https://api.tarkov.dev:443 "POST /graphql HTTP/1.1" 200 None
2024-02-01 21:45:01,297 0 DEBUG - Starting new HTTPS connection (1): api.tarkov.dev:443
2024-02-01 21:45:02,288 0 DEBUG - https://api.tarkov.dev:443 "POST /graphql HTTP/1.1" 200 None
2024-02-01 21:45:02,485 0 DEBUG - https://sheets.googleapis.com:443 "PUT /v4/spreadsheets/1YWwqG_wUf0jHx0b3XIkSSC-Nh1QTQanl-F6Xisvf9VY/values/%27Projected%20Profits%27%21A23?valueInputOption=RAW HTTP/1.1" 200 None
2024-02-01 21:45:02,683 0 DEBUG - https://sheets.googleapis.com:443 "PUT /v4/spreadsheets/1YWwqG_wUf0jHx0b3XIkSSC-Nh1QTQanl-F6Xisvf9VY/values/%27Projected%20Profits%27%21B23?valueInputOption=RAW HTTP/1.1" 200 None
2024-02-01 21:45:02,866 0 DEBUG - https://sheets.googleapis.com:443 "PUT /v4/spreadsheets/1YWwqG_wUf0jHx0b3XIkSSC-Nh1QTQanl-F6Xisvf9VY/values/%27Projected%20Profits%27%21C23?valueInputOption=RAW HTTP/1.1" 200 None
2024-02-01 21:45:03,059 0 DEBUG - https://sheets.googleapis.com:443 "PUT /v4/spreadsheets/1YWwqG_wUf0jHx0b3XIkSSC-Nh1QTQanl-F6Xisvf9VY/values/%27Projected%20Profits%27%21D23?valueInputOption=RAW HTTP/1.1" 200 None
2024-02-01 21:45:03,252 0 DEBUG - https://sheets.googleapis.com:443 "PUT /v4/spreadsheets/1YWwqG_wUf0jHx0b3XIkSSC-Nh1QTQanl-F6Xisvf9VY/values/%27Projected%20Profits%27%21E23?valueInputOption=RAW HTTP/1.1" 200 None
2024-02-01 21:45:03,431 0 DEBUG - https://sheets.googleapis.com:443 "PUT /v4/spreadsheets/1YWwqG_wUf0jHx0b3XIkSSC-Nh1QTQanl-F6Xisvf9VY/values/%27Projected%20Profits%27%21F23?valueInputOption=RAW HTTP/1.1" 200 None
2024-02-01 21:45:03,638 0 DEBUG - https://sheets.googleapis.com:443 "PUT /v4/spreadsheets/1YWwqG_wUf0jHx0b3XIkSSC-Nh1QTQanl-F6Xisvf9VY/values/%27Projected%20Profits%27%21H23?valueInputOption=RAW HTTP/1.1" 200 None
2024-02-01 21:45:03,821 0 DEBUG - https://sheets.googleapis.com:443 "PUT /v4/spreadsheets/1YWwqG_wUf0jHx0b3XIkSSC-Nh1QTQanl-F6Xisvf9VY/values/%27Projected%20Profits%27%21I23?valueInputOption=RAW HTTP/1.1" 200 None
2024-02-01 21:45:10,830 0 DEBUG - Starting new HTTPS connection (1): api.tarkov.dev:443
2024-02-01 21:45:11,843 0 DEBUG - https://api.tarkov.dev:443 "POST /graphql HTTP/1.1" 200 None
2024-02-01 21:45:11,845 0 DEBUG - Starting new HTTPS connection (1): api.tarkov.dev:443
2024-02-01 21:45:12,357 0 DEBUG - https://api.tarkov.dev:443 "POST /graphql HTTP/1.1" 200 None
2024-02-01 21:45:12,560 0 DEBUG - https://sheets.googleapis.com:443 "PUT /v4/spreadsheets/1YWwqG_wUf0jHx0b3XIkSSC-Nh1QTQanl-F6Xisvf9VY/values/%27Projected%20Profits%27%21A24?valueInputOption=RAW HTTP/1.1" 200 None
2024-02-01 21:45:12,741 0 DEBUG - https://sheets.googleapis.com:443 "PUT /v4/spreadsheets/1YWwqG_wUf0jHx0b3XIkSSC-Nh1QTQanl-F6Xisvf9VY/values/%27Projected%20Profits%27%21B24?valueInputOption=RAW HTTP/1.1" 200 None
2024-02-01 21:45:12,933 0 DEBUG - https://sheets.googleapis.com:443 "PUT /v4/spreadsheets/1YWwqG_wUf0jHx0b3XIkSSC-Nh1QTQanl-F6Xisvf9VY/values/%27Projected%20Profits%27%21C24?valueInputOption=RAW HTTP/1.1" 200 None
2024-02-01 21:45:13,129 0 DEBUG - https://sheets.googleapis.com:443 "PUT /v4/spreadsheets/1YWwqG_wUf0jHx0b3XIkSSC-Nh1QTQanl-F6Xisvf9VY/values/%27Projected%20Profits%27%21D24?valueInputOption=RAW HTTP/1.1" 200 None
2024-02-01 21:45:13,314 0 DEBUG - https://sheets.googleapis.com:443 "PUT /v4/spreadsheets/1YWwqG_wUf0jHx0b3XIkSSC-Nh1QTQanl-F6Xisvf9VY/values/%27Projected%20Profits%27%21E24?valueInputOption=RAW HTTP/1.1" 200 None
2024-02-01 21:45:13,504 0 DEBUG - https://sheets.googleapis.com:443 "PUT /v4/spreadsheets/1YWwqG_wUf0jHx0b3XIkSSC-Nh1QTQanl-F6Xisvf9VY/values/%27Projected%20Profits%27%21F24?valueInputOption=RAW HTTP/1.1" 200 None
2024-02-01 21:45:13,709 0 DEBUG - https://sheets.googleapis.com:443 "PUT /v4/spreadsheets/1YWwqG_wUf0jHx0b3XIkSSC-Nh1QTQanl-F6Xisvf9VY/values/%27Projected%20Profits%27%21H24?valueInputOption=RAW HTTP/1.1" 200 None
2024-02-01 21:45:14,283 0 DEBUG - https://sheets.googleapis.com:443 "PUT /v4/spreadsheets/1YWwqG_wUf0jHx0b3XIkSSC-Nh1QTQanl-F6Xisvf9VY/values/%27Projected%20Profits%27%21I24?valueInputOption=RAW HTTP/1.1" 200 None
2024-02-01 21:45:21,302 0 DEBUG - Starting new HTTPS connection (1): api.tarkov.dev:443
2024-02-01 21:45:22,358 0 DEBUG - https://api.tarkov.dev:443 "POST /graphql HTTP/1.1" 200 None
2024-02-01 21:45:22,360 0 DEBUG - Starting new HTTPS connection (1): api.tarkov.dev:443
2024-02-01 21:45:23,301 0 DEBUG - https://api.tarkov.dev:443 "POST /graphql HTTP/1.1" 200 None
2024-02-01 21:45:23,513 0 DEBUG - https://sheets.googleapis.com:443 "PUT /v4/spreadsheets/1YWwqG_wUf0jHx0b3XIkSSC-Nh1QTQanl-F6Xisvf9VY/values/%27Projected%20Profits%27%21A25?valueInputOption=RAW HTTP/1.1" 200 None
2024-02-01 21:45:23,693 0 DEBUG - https://sheets.googleapis.com:443 "PUT /v4/spreadsheets/1YWwqG_wUf0jHx0b3XIkSSC-Nh1QTQanl-F6Xisvf9VY/values/%27Projected%20Profits%27%21B25?valueInputOption=RAW HTTP/1.1" 200 None
2024-02-01 21:45:23,887 0 DEBUG - https://sheets.googleapis.com:443 "PUT /v4/spreadsheets/1YWwqG_wUf0jHx0b3XIkSSC-Nh1QTQanl-F6Xisvf9VY/values/%27Projected%20Profits%27%21C25?valueInputOption=RAW HTTP/1.1" 200 None
2024-02-01 21:45:24,085 0 DEBUG - https://sheets.googleapis.com:443 "PUT /v4/spreadsheets/1YWwqG_wUf0jHx0b3XIkSSC-Nh1QTQanl-F6Xisvf9VY/values/%27Projected%20Profits%27%21D25?valueInputOption=RAW HTTP/1.1" 200 None
2024-02-01 21:45:24,288 0 DEBUG - https://sheets.googleapis.com:443 "PUT /v4/spreadsheets/1YWwqG_wUf0jHx0b3XIkSSC-Nh1QTQanl-F6Xisvf9VY/values/%27Projected%20Profits%27%21E25?valueInputOption=RAW HTTP/1.1" 200 None
2024-02-01 21:45:24,483 0 DEBUG - https://sheets.googleapis.com:443 "PUT /v4/spreadsheets/1YWwqG_wUf0jHx0b3XIkSSC-Nh1QTQanl-F6Xisvf9VY/values/%27Projected%20Profits%27%21F25?valueInputOption=RAW HTTP/1.1" 200 None
2024-02-01 21:45:24,675 0 DEBUG - https://sheets.googleapis.com:443 "PUT /v4/spreadsheets/1YWwqG_wUf0jHx0b3XIkSSC-Nh1QTQanl-F6Xisvf9VY/values/%27Projected%20Profits%27%21H25?valueInputOption=RAW HTTP/1.1" 200 None
2024-02-01 21:45:24,867 0 DEBUG - https://sheets.googleapis.com:443 "PUT /v4/spreadsheets/1YWwqG_wUf0jHx0b3XIkSSC-Nh1QTQanl-F6Xisvf9VY/values/%27Projected%20Profits%27%21I25?valueInputOption=RAW HTTP/1.1" 200 None
2024-02-01 21:45:31,877 0 DEBUG - Starting new HTTPS connection (1): api.tarkov.dev:443
2024-02-01 21:45:33,228 0 DEBUG - https://api.tarkov.dev:443 "POST /graphql HTTP/1.1" 200 None
2024-02-01 21:45:33,230 0 DEBUG - Starting new HTTPS connection (1): api.tarkov.dev:443
2024-02-01 21:45:33,794 0 DEBUG - https://api.tarkov.dev:443 "POST /graphql HTTP/1.1" 200 None
2024-02-01 21:45:34,063 0 DEBUG - https://sheets.googleapis.com:443 "PUT /v4/spreadsheets/1YWwqG_wUf0jHx0b3XIkSSC-Nh1QTQanl-F6Xisvf9VY/values/%27Projected%20Profits%27%21A26?valueInputOption=RAW HTTP/1.1" 200 None
2024-02-01 21:45:34,260 0 DEBUG - https://sheets.googleapis.com:443 "PUT /v4/spreadsheets/1YWwqG_wUf0jHx0b3XIkSSC-Nh1QTQanl-F6Xisvf9VY/values/%27Projected%20Profits%27%21B26?valueInputOption=RAW HTTP/1.1" 200 None
2024-02-01 21:45:34,458 0 DEBUG - https://sheets.googleapis.com:443 "PUT /v4/spreadsheets/1YWwqG_wUf0jHx0b3XIkSSC-Nh1QTQanl-F6Xisvf9VY/values/%27Projected%20Profits%27%21C26?valueInputOption=RAW HTTP/1.1" 200 None
2024-02-01 21:45:34,646 0 DEBUG - https://sheets.googleapis.com:443 "PUT /v4/spreadsheets/1YWwqG_wUf0jHx0b3XIkSSC-Nh1QTQanl-F6Xisvf9VY/values/%27Projected%20Profits%27%21D26?valueInputOption=RAW HTTP/1.1" 200 None
2024-02-01 21:45:34,823 0 DEBUG - https://sheets.googleapis.com:443 "PUT /v4/spreadsheets/1YWwqG_wUf0jHx0b3XIkSSC-Nh1QTQanl-F6Xisvf9VY/values/%27Projected%20Profits%27%21E26?valueInputOption=RAW HTTP/1.1" 200 None
2024-02-01 21:45:35,016 0 DEBUG - https://sheets.googleapis.com:443 "PUT /v4/spreadsheets/1YWwqG_wUf0jHx0b3XIkSSC-Nh1QTQanl-F6Xisvf9VY/values/%27Projected%20Profits%27%21F26?valueInputOption=RAW HTTP/1.1" 200 None
2024-02-01 21:45:35,197 0 DEBUG - https://sheets.googleapis.com:443 "PUT /v4/spreadsheets/1YWwqG_wUf0jHx0b3XIkSSC-Nh1QTQanl-F6Xisvf9VY/values/%27Projected%20Profits%27%21H26?valueInputOption=RAW HTTP/1.1" 200 None
2024-02-01 21:45:35,406 0 DEBUG - https://sheets.googleapis.com:443 "PUT /v4/spreadsheets/1YWwqG_wUf0jHx0b3XIkSSC-Nh1QTQanl-F6Xisvf9VY/values/%27Projected%20Profits%27%21I26?valueInputOption=RAW HTTP/1.1" 200 None
2024-02-01 21:45:42,422 0 DEBUG - Starting new HTTPS connection (1): api.tarkov.dev:443
2024-02-01 21:45:43,733 0 DEBUG - https://api.tarkov.dev:443 "POST /graphql HTTP/1.1" 200 None
2024-02-01 21:45:43,735 0 DEBUG - Starting new HTTPS connection (1): api.tarkov.dev:443
2024-02-01 21:45:44,760 0 DEBUG - https://api.tarkov.dev:443 "POST /graphql HTTP/1.1" 200 None
2024-02-01 21:45:44,976 0 DEBUG - https://sheets.googleapis.com:443 "PUT /v4/spreadsheets/1YWwqG_wUf0jHx0b3XIkSSC-Nh1QTQanl-F6Xisvf9VY/values/%27Projected%20Profits%27%21A27?valueInputOption=RAW HTTP/1.1" 200 None
2024-02-01 21:45:45,161 0 DEBUG - https://sheets.googleapis.com:443 "PUT /v4/spreadsheets/1YWwqG_wUf0jHx0b3XIkSSC-Nh1QTQanl-F6Xisvf9VY/values/%27Projected%20Profits%27%21B27?valueInputOption=RAW HTTP/1.1" 200 None
2024-02-01 21:45:45,370 0 DEBUG - https://sheets.googleapis.com:443 "PUT /v4/spreadsheets/1YWwqG_wUf0jHx0b3XIkSSC-Nh1QTQanl-F6Xisvf9VY/values/%27Projected%20Profits%27%21C27?valueInputOption=RAW HTTP/1.1" 200 None
2024-02-01 21:45:45,564 0 DEBUG - https://sheets.googleapis.com:443 "PUT /v4/spreadsheets/1YWwqG_wUf0jHx0b3XIkSSC-Nh1QTQanl-F6Xisvf9VY/values/%27Projected%20Profits%27%21D27?valueInputOption=RAW HTTP/1.1" 200 None
2024-02-01 21:45:45,767 0 DEBUG - https://sheets.googleapis.com:443 "PUT /v4/spreadsheets/1YWwqG_wUf0jHx0b3XIkSSC-Nh1QTQanl-F6Xisvf9VY/values/%27Projected%20Profits%27%21E27?valueInputOption=RAW HTTP/1.1" 200 None
2024-02-01 21:45:45,989 0 DEBUG - https://sheets.googleapis.com:443 "PUT /v4/spreadsheets/1YWwqG_wUf0jHx0b3XIkSSC-Nh1QTQanl-F6Xisvf9VY/values/%27Projected%20Profits%27%21F27?valueInputOption=RAW HTTP/1.1" 200 None
2024-02-01 21:45:46,180 0 DEBUG - https://sheets.googleapis.com:443 "PUT /v4/spreadsheets/1YWwqG_wUf0jHx0b3XIkSSC-Nh1QTQanl-F6Xisvf9VY/values/%27Projected%20Profits%27%21H27?valueInputOption=RAW HTTP/1.1" 200 None
2024-02-01 21:45:46,374 0 DEBUG - https://sheets.googleapis.com:443 "PUT /v4/spreadsheets/1YWwqG_wUf0jHx0b3XIkSSC-Nh1QTQanl-F6Xisvf9VY/values/%27Projected%20Profits%27%21I27?valueInputOption=RAW HTTP/1.1" 200 None
2024-02-01 21:45:53,379 0 DEBUG - Starting new HTTPS connection (1): api.tarkov.dev:443
2024-02-01 21:45:53,867 0 DEBUG - https://api.tarkov.dev:443 "POST /graphql HTTP/1.1" 200 None
2024-02-01 21:45:53,869 0 DEBUG - Starting new HTTPS connection (1): api.tarkov.dev:443
2024-02-01 21:45:54,341 0 DEBUG - https://api.tarkov.dev:443 "POST /graphql HTTP/1.1" 200 None
2024-02-01 21:45:54,562 0 DEBUG - https://sheets.googleapis.com:443 "PUT /v4/spreadsheets/1YWwqG_wUf0jHx0b3XIkSSC-Nh1QTQanl-F6Xisvf9VY/values/%27Projected%20Profits%27%21A28?valueInputOption=RAW HTTP/1.1" 200 None
2024-02-01 21:45:54,765 0 DEBUG - https://sheets.googleapis.com:443 "PUT /v4/spreadsheets/1YWwqG_wUf0jHx0b3XIkSSC-Nh1QTQanl-F6Xisvf9VY/values/%27Projected%20Profits%27%21B28?valueInputOption=RAW HTTP/1.1" 200 None
2024-02-01 21:45:55,020 0 DEBUG - https://sheets.googleapis.com:443 "PUT /v4/spreadsheets/1YWwqG_wUf0jHx0b3XIkSSC-Nh1QTQanl-F6Xisvf9VY/values/%27Projected%20Profits%27%21C28?valueInputOption=RAW HTTP/1.1" 200 None
2024-02-01 21:45:55,215 0 DEBUG - https://sheets.googleapis.com:443 "PUT /v4/spreadsheets/1YWwqG_wUf0jHx0b3XIkSSC-Nh1QTQanl-F6Xisvf9VY/values/%27Projected%20Profits%27%21D28?valueInputOption=RAW HTTP/1.1" 200 None
2024-02-01 21:45:55,410 0 DEBUG - https://sheets.googleapis.com:443 "PUT /v4/spreadsheets/1YWwqG_wUf0jHx0b3XIkSSC-Nh1QTQanl-F6Xisvf9VY/values/%27Projected%20Profits%27%21E28?valueInputOption=RAW HTTP/1.1" 200 None
2024-02-01 21:45:55,595 0 DEBUG - https://sheets.googleapis.com:443 "PUT /v4/spreadsheets/1YWwqG_wUf0jHx0b3XIkSSC-Nh1QTQanl-F6Xisvf9VY/values/%27Projected%20Profits%27%21F28?valueInputOption=RAW HTTP/1.1" 200 None
2024-02-01 21:45:55,798 0 DEBUG - https://sheets.googleapis.com:443 "PUT /v4/spreadsheets/1YWwqG_wUf0jHx0b3XIkSSC-Nh1QTQanl-F6Xisvf9VY/values/%27Projected%20Profits%27%21H28?valueInputOption=RAW HTTP/1.1" 200 None
2024-02-01 21:45:55,984 0 DEBUG - https://sheets.googleapis.com:443 "PUT /v4/spreadsheets/1YWwqG_wUf0jHx0b3XIkSSC-Nh1QTQanl-F6Xisvf9VY/values/%27Projected%20Profits%27%21I28?valueInputOption=RAW HTTP/1.1" 200 None
2024-02-01 21:46:02,995 0 DEBUG - Starting new HTTPS connection (1): api.tarkov.dev:443
2024-02-01 21:46:04,210 0 DEBUG - https://api.tarkov.dev:443 "POST /graphql HTTP/1.1" 200 None
2024-02-01 21:46:04,212 0 DEBUG - Starting new HTTPS connection (1): api.tarkov.dev:443
2024-02-01 21:46:05,475 0 DEBUG - https://api.tarkov.dev:443 "POST /graphql HTTP/1.1" 200 None
2024-02-01 21:46:05,679 0 DEBUG - https://sheets.googleapis.com:443 "PUT /v4/spreadsheets/1YWwqG_wUf0jHx0b3XIkSSC-Nh1QTQanl-F6Xisvf9VY/values/%27Projected%20Profits%27%21A29?valueInputOption=RAW HTTP/1.1" 200 None
2024-02-01 21:46:05,882 0 DEBUG - https://sheets.googleapis.com:443 "PUT /v4/spreadsheets/1YWwqG_wUf0jHx0b3XIkSSC-Nh1QTQanl-F6Xisvf9VY/values/%27Projected%20Profits%27%21B29?valueInputOption=RAW HTTP/1.1" 200 None
2024-02-01 21:46:06,083 0 DEBUG - https://sheets.googleapis.com:443 "PUT /v4/spreadsheets/1YWwqG_wUf0jHx0b3XIkSSC-Nh1QTQanl-F6Xisvf9VY/values/%27Projected%20Profits%27%21C29?valueInputOption=RAW HTTP/1.1" 200 None
2024-02-01 21:46:06,273 0 DEBUG - https://sheets.googleapis.com:443 "PUT /v4/spreadsheets/1YWwqG_wUf0jHx0b3XIkSSC-Nh1QTQanl-F6Xisvf9VY/values/%27Projected%20Profits%27%21D29?valueInputOption=RAW HTTP/1.1" 200 None
2024-02-01 21:46:06,459 0 DEBUG - https://sheets.googleapis.com:443 "PUT /v4/spreadsheets/1YWwqG_wUf0jHx0b3XIkSSC-Nh1QTQanl-F6Xisvf9VY/values/%27Projected%20Profits%27%21E29?valueInputOption=RAW HTTP/1.1" 200 None
2024-02-01 21:46:06,651 0 DEBUG - https://sheets.googleapis.com:443 "PUT /v4/spreadsheets/1YWwqG_wUf0jHx0b3XIkSSC-Nh1QTQanl-F6Xisvf9VY/values/%27Projected%20Profits%27%21F29?valueInputOption=RAW HTTP/1.1" 200 None
2024-02-01 21:46:06,859 0 DEBUG - https://sheets.googleapis.com:443 "PUT /v4/spreadsheets/1YWwqG_wUf0jHx0b3XIkSSC-Nh1QTQanl-F6Xisvf9VY/values/%27Projected%20Profits%27%21H29?valueInputOption=RAW HTTP/1.1" 200 None
2024-02-01 21:46:07,056 0 DEBUG - https://sheets.googleapis.com:443 "PUT /v4/spreadsheets/1YWwqG_wUf0jHx0b3XIkSSC-Nh1QTQanl-F6Xisvf9VY/values/%27Projected%20Profits%27%21I29?valueInputOption=RAW HTTP/1.1" 200 None
2024-02-01 21:46:14,069 0 DEBUG - Starting new HTTPS connection (1): api.tarkov.dev:443
2024-02-01 21:46:14,592 0 DEBUG - https://api.tarkov.dev:443 "POST /graphql HTTP/1.1" 200 None
2024-02-01 21:46:14,594 0 DEBUG - Starting new HTTPS connection (1): api.tarkov.dev:443
2024-02-01 21:46:15,077 0 DEBUG - https://api.tarkov.dev:443 "POST /graphql HTTP/1.1" 200 None
2024-02-01 21:46:15,281 0 DEBUG - https://sheets.googleapis.com:443 "PUT /v4/spreadsheets/1YWwqG_wUf0jHx0b3XIkSSC-Nh1QTQanl-F6Xisvf9VY/values/%27Projected%20Profits%27%21A30?valueInputOption=RAW HTTP/1.1" 200 None
2024-02-01 21:46:15,468 0 DEBUG - https://sheets.googleapis.com:443 "PUT /v4/spreadsheets/1YWwqG_wUf0jHx0b3XIkSSC-Nh1QTQanl-F6Xisvf9VY/values/%27Projected%20Profits%27%21B30?valueInputOption=RAW HTTP/1.1" 200 None
2024-02-01 21:46:15,659 0 DEBUG - https://sheets.googleapis.com:443 "PUT /v4/spreadsheets/1YWwqG_wUf0jHx0b3XIkSSC-Nh1QTQanl-F6Xisvf9VY/values/%27Projected%20Profits%27%21C30?valueInputOption=RAW HTTP/1.1" 200 None
2024-02-01 21:46:15,860 0 DEBUG - https://sheets.googleapis.com:443 "PUT /v4/spreadsheets/1YWwqG_wUf0jHx0b3XIkSSC-Nh1QTQanl-F6Xisvf9VY/values/%27Projected%20Profits%27%21D30?valueInputOption=RAW HTTP/1.1" 200 None
2024-02-01 21:46:16,052 0 DEBUG - https://sheets.googleapis.com:443 "PUT /v4/spreadsheets/1YWwqG_wUf0jHx0b3XIkSSC-Nh1QTQanl-F6Xisvf9VY/values/%27Projected%20Profits%27%21E30?valueInputOption=RAW HTTP/1.1" 200 None
2024-02-01 21:46:16,242 0 DEBUG - https://sheets.googleapis.com:443 "PUT /v4/spreadsheets/1YWwqG_wUf0jHx0b3XIkSSC-Nh1QTQanl-F6Xisvf9VY/values/%27Projected%20Profits%27%21F30?valueInputOption=RAW HTTP/1.1" 200 None
2024-02-01 21:46:16,444 0 DEBUG - https://sheets.googleapis.com:443 "PUT /v4/spreadsheets/1YWwqG_wUf0jHx0b3XIkSSC-Nh1QTQanl-F6Xisvf9VY/values/%27Projected%20Profits%27%21H30?valueInputOption=RAW HTTP/1.1" 200 None
2024-02-01 21:46:16,641 0 DEBUG - https://sheets.googleapis.com:443 "PUT /v4/spreadsheets/1YWwqG_wUf0jHx0b3XIkSSC-Nh1QTQanl-F6Xisvf9VY/values/%27Projected%20Profits%27%21I30?valueInputOption=RAW HTTP/1.1" 200 None
2024-02-01 21:46:23,646 0 DEBUG - Starting new HTTPS connection (1): api.tarkov.dev:443
2024-02-01 21:46:24,796 0 DEBUG - https://api.tarkov.dev:443 "POST /graphql HTTP/1.1" 200 None
2024-02-01 21:46:24,798 0 DEBUG - Starting new HTTPS connection (1): api.tarkov.dev:443
2024-02-01 21:46:25,884 0 DEBUG - https://api.tarkov.dev:443 "POST /graphql HTTP/1.1" 200 None
2024-02-01 21:46:26,105 0 DEBUG - https://sheets.googleapis.com:443 "PUT /v4/spreadsheets/1YWwqG_wUf0jHx0b3XIkSSC-Nh1QTQanl-F6Xisvf9VY/values/%27Projected%20Profits%27%21A31?valueInputOption=RAW HTTP/1.1" 200 None
2024-02-01 21:46:26,303 0 DEBUG - https://sheets.googleapis.com:443 "PUT /v4/spreadsheets/1YWwqG_wUf0jHx0b3XIkSSC-Nh1QTQanl-F6Xisvf9VY/values/%27Projected%20Profits%27%21B31?valueInputOption=RAW HTTP/1.1" 200 None
2024-02-01 21:46:26,493 0 DEBUG - https://sheets.googleapis.com:443 "PUT /v4/spreadsheets/1YWwqG_wUf0jHx0b3XIkSSC-Nh1QTQanl-F6Xisvf9VY/values/%27Projected%20Profits%27%21C31?valueInputOption=RAW HTTP/1.1" 200 None
2024-02-01 21:46:26,690 0 DEBUG - https://sheets.googleapis.com:443 "PUT /v4/spreadsheets/1YWwqG_wUf0jHx0b3XIkSSC-Nh1QTQanl-F6Xisvf9VY/values/%27Projected%20Profits%27%21D31?valueInputOption=RAW HTTP/1.1" 200 None
2024-02-01 21:46:26,874 0 DEBUG - https://sheets.googleapis.com:443 "PUT /v4/spreadsheets/1YWwqG_wUf0jHx0b3XIkSSC-Nh1QTQanl-F6Xisvf9VY/values/%27Projected%20Profits%27%21E31?valueInputOption=RAW HTTP/1.1" 200 None
2024-02-01 21:46:27,067 0 DEBUG - https://sheets.googleapis.com:443 "PUT /v4/spreadsheets/1YWwqG_wUf0jHx0b3XIkSSC-Nh1QTQanl-F6Xisvf9VY/values/%27Projected%20Profits%27%21F31?valueInputOption=RAW HTTP/1.1" 200 None
2024-02-01 21:46:27,274 0 DEBUG - https://sheets.googleapis.com:443 "PUT /v4/spreadsheets/1YWwqG_wUf0jHx0b3XIkSSC-Nh1QTQanl-F6Xisvf9VY/values/%27Projected%20Profits%27%21H31?valueInputOption=RAW HTTP/1.1" 200 None
2024-02-01 21:46:27,465 0 DEBUG - https://sheets.googleapis.com:443 "PUT /v4/spreadsheets/1YWwqG_wUf0jHx0b3XIkSSC-Nh1QTQanl-F6Xisvf9VY/values/%27Projected%20Profits%27%21I31?valueInputOption=RAW HTTP/1.1" 200 None
2024-02-01 21:46:34,481 0 DEBUG - Starting new HTTPS connection (1): api.tarkov.dev:443
2024-02-01 21:46:35,553 0 DEBUG - https://api.tarkov.dev:443 "POST /graphql HTTP/1.1" 200 None
2024-02-01 21:46:35,556 0 DEBUG - Starting new HTTPS connection (1): api.tarkov.dev:443
2024-02-01 21:46:36,617 0 DEBUG - https://api.tarkov.dev:443 "POST /graphql HTTP/1.1" 200 None
2024-02-01 21:46:36,819 0 DEBUG - https://sheets.googleapis.com:443 "PUT /v4/spreadsheets/1YWwqG_wUf0jHx0b3XIkSSC-Nh1QTQanl-F6Xisvf9VY/values/%27Projected%20Profits%27%21A32?valueInputOption=RAW HTTP/1.1" 200 None
2024-02-01 21:46:37,008 0 DEBUG - https://sheets.googleapis.com:443 "PUT /v4/spreadsheets/1YWwqG_wUf0jHx0b3XIkSSC-Nh1QTQanl-F6Xisvf9VY/values/%27Projected%20Profits%27%21B32?valueInputOption=RAW HTTP/1.1" 200 None
2024-02-01 21:46:37,200 0 DEBUG - https://sheets.googleapis.com:443 "PUT /v4/spreadsheets/1YWwqG_wUf0jHx0b3XIkSSC-Nh1QTQanl-F6Xisvf9VY/values/%27Projected%20Profits%27%21C32?valueInputOption=RAW HTTP/1.1" 200 None
2024-02-01 21:46:37,399 0 DEBUG - https://sheets.googleapis.com:443 "PUT /v4/spreadsheets/1YWwqG_wUf0jHx0b3XIkSSC-Nh1QTQanl-F6Xisvf9VY/values/%27Projected%20Profits%27%21D32?valueInputOption=RAW HTTP/1.1" 200 None
2024-02-01 21:46:37,591 0 DEBUG - https://sheets.googleapis.com:443 "PUT /v4/spreadsheets/1YWwqG_wUf0jHx0b3XIkSSC-Nh1QTQanl-F6Xisvf9VY/values/%27Projected%20Profits%27%21E32?valueInputOption=RAW HTTP/1.1" 200 None
2024-02-01 21:46:37,774 0 DEBUG - https://sheets.googleapis.com:443 "PUT /v4/spreadsheets/1YWwqG_wUf0jHx0b3XIkSSC-Nh1QTQanl-F6Xisvf9VY/values/%27Projected%20Profits%27%21F32?valueInputOption=RAW HTTP/1.1" 200 None
2024-02-01 21:46:37,961 0 DEBUG - https://sheets.googleapis.com:443 "PUT /v4/spreadsheets/1YWwqG_wUf0jHx0b3XIkSSC-Nh1QTQanl-F6Xisvf9VY/values/%27Projected%20Profits%27%21H32?valueInputOption=RAW HTTP/1.1" 200 None
2024-02-01 21:46:38,158 0 DEBUG - https://sheets.googleapis.com:443 "PUT /v4/spreadsheets/1YWwqG_wUf0jHx0b3XIkSSC-Nh1QTQanl-F6Xisvf9VY/values/%27Projected%20Profits%27%21I32?valueInputOption=RAW HTTP/1.1" 200 None
2024-02-01 21:46:45,159 0 DEBUG - Starting new HTTPS connection (1): api.tarkov.dev:443
2024-02-01 21:46:46,036 0 DEBUG - https://api.tarkov.dev:443 "POST /graphql HTTP/1.1" 200 None
2024-02-01 21:46:46,038 0 DEBUG - Starting new HTTPS connection (1): api.tarkov.dev:443
2024-02-01 21:46:46,611 0 DEBUG - https://api.tarkov.dev:443 "POST /graphql HTTP/1.1" 200 None
2024-02-01 21:46:46,897 0 DEBUG - https://sheets.googleapis.com:443 "PUT /v4/spreadsheets/1YWwqG_wUf0jHx0b3XIkSSC-Nh1QTQanl-F6Xisvf9VY/values/%27Projected%20Profits%27%21A33?valueInputOption=RAW HTTP/1.1" 200 None
2024-02-01 21:46:47,089 0 DEBUG - https://sheets.googleapis.com:443 "PUT /v4/spreadsheets/1YWwqG_wUf0jHx0b3XIkSSC-Nh1QTQanl-F6Xisvf9VY/values/%27Projected%20Profits%27%21B33?valueInputOption=RAW HTTP/1.1" 200 None
2024-02-01 21:46:47,278 0 DEBUG - https://sheets.googleapis.com:443 "PUT /v4/spreadsheets/1YWwqG_wUf0jHx0b3XIkSSC-Nh1QTQanl-F6Xisvf9VY/values/%27Projected%20Profits%27%21C33?valueInputOption=RAW HTTP/1.1" 200 None
2024-02-01 21:46:47,487 0 DEBUG - https://sheets.googleapis.com:443 "PUT /v4/spreadsheets/1YWwqG_wUf0jHx0b3XIkSSC-Nh1QTQanl-F6Xisvf9VY/values/%27Projected%20Profits%27%21D33?valueInputOption=RAW HTTP/1.1" 200 None
2024-02-01 21:46:47,677 0 DEBUG - https://sheets.googleapis.com:443 "PUT /v4/spreadsheets/1YWwqG_wUf0jHx0b3XIkSSC-Nh1QTQanl-F6Xisvf9VY/values/%27Projected%20Profits%27%21E33?valueInputOption=RAW HTTP/1.1" 200 None
2024-02-01 21:46:47,863 0 DEBUG - https://sheets.googleapis.com:443 "PUT /v4/spreadsheets/1YWwqG_wUf0jHx0b3XIkSSC-Nh1QTQanl-F6Xisvf9VY/values/%27Projected%20Profits%27%21F33?valueInputOption=RAW HTTP/1.1" 200 None
2024-02-01 21:46:48,072 0 DEBUG - https://sheets.googleapis.com:443 "PUT /v4/spreadsheets/1YWwqG_wUf0jHx0b3XIkSSC-Nh1QTQanl-F6Xisvf9VY/values/%27Projected%20Profits%27%21H33?valueInputOption=RAW HTTP/1.1" 200 None
2024-02-01 21:46:48,257 0 DEBUG - https://sheets.googleapis.com:443 "PUT /v4/spreadsheets/1YWwqG_wUf0jHx0b3XIkSSC-Nh1QTQanl-F6Xisvf9VY/values/%27Projected%20Profits%27%21I33?valueInputOption=RAW HTTP/1.1" 200 None
2024-02-01 21:46:55,271 0 DEBUG - Starting new HTTPS connection (1): api.tarkov.dev:443
2024-02-01 21:46:56,384 0 DEBUG - https://api.tarkov.dev:443 "POST /graphql HTTP/1.1" 200 None
2024-02-01 21:46:56,385 0 DEBUG - Starting new HTTPS connection (1): api.tarkov.dev:443
2024-02-01 21:46:57,552 0 DEBUG - https://api.tarkov.dev:443 "POST /graphql HTTP/1.1" 200 None
2024-02-01 21:46:57,762 0 DEBUG - https://sheets.googleapis.com:443 "PUT /v4/spreadsheets/1YWwqG_wUf0jHx0b3XIkSSC-Nh1QTQanl-F6Xisvf9VY/values/%27Projected%20Profits%27%21A34?valueInputOption=RAW HTTP/1.1" 200 None
2024-02-01 21:46:57,958 0 DEBUG - https://sheets.googleapis.com:443 "PUT /v4/spreadsheets/1YWwqG_wUf0jHx0b3XIkSSC-Nh1QTQanl-F6Xisvf9VY/values/%27Projected%20Profits%27%21B34?valueInputOption=RAW HTTP/1.1" 200 None
2024-02-01 21:46:58,152 0 DEBUG - https://sheets.googleapis.com:443 "PUT /v4/spreadsheets/1YWwqG_wUf0jHx0b3XIkSSC-Nh1QTQanl-F6Xisvf9VY/values/%27Projected%20Profits%27%21C34?valueInputOption=RAW HTTP/1.1" 200 None
2024-02-01 21:46:58,349 0 DEBUG - https://sheets.googleapis.com:443 "PUT /v4/spreadsheets/1YWwqG_wUf0jHx0b3XIkSSC-Nh1QTQanl-F6Xisvf9VY/values/%27Projected%20Profits%27%21D34?valueInputOption=RAW HTTP/1.1" 200 None
2024-02-01 21:46:58,553 0 DEBUG - https://sheets.googleapis.com:443 "PUT /v4/spreadsheets/1YWwqG_wUf0jHx0b3XIkSSC-Nh1QTQanl-F6Xisvf9VY/values/%27Projected%20Profits%27%21E34?valueInputOption=RAW HTTP/1.1" 200 None
2024-02-01 21:46:58,743 0 DEBUG - https://sheets.googleapis.com:443 "PUT /v4/spreadsheets/1YWwqG_wUf0jHx0b3XIkSSC-Nh1QTQanl-F6Xisvf9VY/values/%27Projected%20Profits%27%21F34?valueInputOption=RAW HTTP/1.1" 200 None
2024-02-01 21:46:58,934 0 DEBUG - https://sheets.googleapis.com:443 "PUT /v4/spreadsheets/1YWwqG_wUf0jHx0b3XIkSSC-Nh1QTQanl-F6Xisvf9VY/values/%27Projected%20Profits%27%21H34?valueInputOption=RAW HTTP/1.1" 200 None
2024-02-01 21:46:59,114 0 DEBUG - https://sheets.googleapis.com:443 "PUT /v4/spreadsheets/1YWwqG_wUf0jHx0b3XIkSSC-Nh1QTQanl-F6Xisvf9VY/values/%27Projected%20Profits%27%21I34?valueInputOption=RAW HTTP/1.1" 200 None
2024-02-01 21:47:06,130 0 DEBUG - Starting new HTTPS connection (1): api.tarkov.dev:443
2024-02-01 21:47:06,721 0 DEBUG - https://api.tarkov.dev:443 "POST /graphql HTTP/1.1" 200 None
2024-02-01 21:47:06,723 0 DEBUG - Starting new HTTPS connection (1): api.tarkov.dev:443
2024-02-01 21:47:07,859 0 DEBUG - https://api.tarkov.dev:443 "POST /graphql HTTP/1.1" 200 None
2024-02-01 21:47:08,056 0 DEBUG - https://sheets.googleapis.com:443 "PUT /v4/spreadsheets/1YWwqG_wUf0jHx0b3XIkSSC-Nh1QTQanl-F6Xisvf9VY/values/%27Projected%20Profits%27%21A35?valueInputOption=RAW HTTP/1.1" 200 None
2024-02-01 21:47:08,247 0 DEBUG - https://sheets.googleapis.com:443 "PUT /v4/spreadsheets/1YWwqG_wUf0jHx0b3XIkSSC-Nh1QTQanl-F6Xisvf9VY/values/%27Projected%20Profits%27%21B35?valueInputOption=RAW HTTP/1.1" 200 None
2024-02-01 21:47:08,409 0 DEBUG - https://sheets.googleapis.com:443 "PUT /v4/spreadsheets/1YWwqG_wUf0jHx0b3XIkSSC-Nh1QTQanl-F6Xisvf9VY/values/%27Projected%20Profits%27%21C35?valueInputOption=RAW HTTP/1.1" 200 None
2024-02-01 21:47:08,609 0 DEBUG - https://sheets.googleapis.com:443 "PUT /v4/spreadsheets/1YWwqG_wUf0jHx0b3XIkSSC-Nh1QTQanl-F6Xisvf9VY/values/%27Projected%20Profits%27%21D35?valueInputOption=RAW HTTP/1.1" 200 None
2024-02-01 21:47:08,863 0 DEBUG - https://sheets.googleapis.com:443 "PUT /v4/spreadsheets/1YWwqG_wUf0jHx0b3XIkSSC-Nh1QTQanl-F6Xisvf9VY/values/%27Projected%20Profits%27%21E35?valueInputOption=RAW HTTP/1.1" 200 None
2024-02-01 21:47:09,055 0 DEBUG - https://sheets.googleapis.com:443 "PUT /v4/spreadsheets/1YWwqG_wUf0jHx0b3XIkSSC-Nh1QTQanl-F6Xisvf9VY/values/%27Projected%20Profits%27%21F35?valueInputOption=RAW HTTP/1.1" 200 None
2024-02-01 21:47:09,250 0 DEBUG - https://sheets.googleapis.com:443 "PUT /v4/spreadsheets/1YWwqG_wUf0jHx0b3XIkSSC-Nh1QTQanl-F6Xisvf9VY/values/%27Projected%20Profits%27%21H35?valueInputOption=RAW HTTP/1.1" 200 None
2024-02-01 21:47:09,453 0 DEBUG - https://sheets.googleapis.com:443 "PUT /v4/spreadsheets/1YWwqG_wUf0jHx0b3XIkSSC-Nh1QTQanl-F6Xisvf9VY/values/%27Projected%20Profits%27%21I35?valueInputOption=RAW HTTP/1.1" 200 None
2024-02-01 21:47:16,459 0 DEBUG - Starting new HTTPS connection (1): api.tarkov.dev:443
2024-02-01 21:47:17,547 0 DEBUG - https://api.tarkov.dev:443 "POST /graphql HTTP/1.1" 200 None
